2024-02-06 19:14:43,124 [INFO] Activator:176 - 


2024-02-06 19:14:43,128 [INFO] Activator:177 - !SESSION log4j initialized
2024-02-06 19:14:48,374 [INFO] LogOutputStream:77 - [STDOUT_REDIRECT] 
2024-02-06 19:15:18,353 [ERROR] LogOutputStream:75 - [STDERR_REDIRECT] SLF4J: Failed to load class "org.slf4j.impl.StaticLoggerBinder".
2024-02-06 19:15:18,353 [ERROR] LogOutputStream:75 - [STDERR_REDIRECT] SLF4J: Defaulting to no-operation (NOP) logger implementation
2024-02-06 19:15:18,355 [ERROR] LogOutputStream:75 - [STDERR_REDIRECT] SLF4J: See http://www.slf4j.org/codes.html#StaticLoggerBinder for further details.
2024-02-06 19:15:39,816 [INFO] ApplicationProperties:184 - Using Application install path: C:\Program Files\STM32CubeIDE_1.12.1\STM32CubeIDE\plugins\com.st.stm32cube.common.mx_6.8.1.202304191431
2024-02-06 19:15:39,833 [INFO] DbMcusXml:78 - Set database path to: C:\Program Files\STM32CubeIDE_1.12.1\STM32CubeIDE\plugins\com.st.stm32cube.common.mx_6.8.1.202304191431\\db\/mcu/
2024-02-06 19:15:39,834 [INFO] ApiDb:274 - Set plugin database path to: C:\Program Files\STM32CubeIDE_1.12.1\STM32CubeIDE\plugins\com.st.stm32cube.common.mx_6.8.1.202304191431\\db\/plugins/boardmanager/
2024-02-06 19:15:39,836 [WARN] ApiDb:259 - Overriding images path with different value:  => C:\Program Files\STM32CubeIDE_1.12.1\STM32CubeIDE\plugins\com.st.stm32cube.common.mx_6.8.1.202304191431\\db\/plugins/mcufinder/images/
2024-02-06 19:15:39,849 [INFO] ApiDb:250 - Set database path to: C:\Users\Dominik\.stmcufinder\plugins\mcufinder//mcu/
2024-02-06 19:15:39,850 [INFO] DbMcusAds:125 - Set database path to: C:\Users\Dominik\.stmcufinder\plugins\mcufinder//mcu/
2024-02-06 19:15:48,383 [INFO] CrossReferenceDbSqlite:203 - Set database path to: C:\Users\Dominik\.stmcufinder\plugins\mcufinder//mcu/cs/
2024-02-06 19:15:48,471 [INFO] RulesReader:64 - Compatibility file has been processed (293 Rules)
2024-02-06 19:15:48,532 [INFO] DbMcusXml:78 - Set database path to: C:\Program Files\STM32CubeIDE_1.12.1\STM32CubeIDE\plugins\com.st.stm32cube.common.mx_6.8.1.202304191431\\db\/mcu/
2024-02-06 19:15:48,533 [INFO] ApiDb:274 - Set plugin database path to: C:\Program Files\STM32CubeIDE_1.12.1\STM32CubeIDE\plugins\com.st.stm32cube.common.mx_6.8.1.202304191431\\db\/plugins/boardmanager/
2024-02-06 19:15:48,533 [INFO] ApiDb:261 - Set plugin images path to: C:\Program Files\STM32CubeIDE_1.12.1\STM32CubeIDE\plugins\com.st.stm32cube.common.mx_6.8.1.202304191431\\db\/plugins/mcufinder/images/
2024-02-06 19:15:48,533 [WARN] DbFile:41 - Overriding database path with different value: C:\Users\Dominik\.stmcufinder\plugins\mcufinder/ => C:\Users\Dominik\.stmcufinder\plugins\mcufinder
2024-02-06 19:15:48,533 [INFO] ApiDb:250 - Set database path to: C:\Users\Dominik\.stmcufinder\plugins\mcufinder//mcu/
2024-02-06 19:15:48,533 [WARN] DbFile:41 - Overriding database path with different value: C:\Users\Dominik\.stmcufinder\plugins\mcufinder/ => C:\Users\Dominik\.stmcufinder\plugins\mcufinder
2024-02-06 19:15:48,533 [INFO] DbMcusAds:125 - Set database path to: C:\Users\Dominik\.stmcufinder\plugins\mcufinder//mcu/
2024-02-06 19:15:48,533 [WARN] DbFile:41 - Overriding database path with different value: C:\Users\Dominik\.stmcufinder\plugins\mcufinder/ => C:\Users\Dominik\.stmcufinder\plugins\mcufinder
2024-02-06 19:15:48,533 [WARN] DbFile:41 - Overriding database path with different value: C:\Users\Dominik\.stmcufinder\plugins\mcufinder/ => C:\Users\Dominik\.stmcufinder\plugins\mcufinder
2024-02-06 19:15:48,533 [INFO] CrossReferenceDbSqlite:203 - Set database path to: C:\Users\Dominik\.stmcufinder\plugins\mcufinder//mcu/cs/
2024-02-06 19:15:48,594 [INFO] MainPanel:253 - HeapMemory: 409993216
2024-02-06 19:15:48,680 [INFO] DbMcusXml:78 - Set database path to: C:\Program Files\STM32CubeIDE_1.12.1\STM32CubeIDE\plugins\com.st.stm32cube.common.mx_6.8.1.202304191431\\db\/mcu/
2024-02-06 19:15:48,680 [INFO] ApiDb:274 - Set plugin database path to: C:\Program Files\STM32CubeIDE_1.12.1\STM32CubeIDE\plugins\com.st.stm32cube.common.mx_6.8.1.202304191431\\db\/plugins/boardmanager/
2024-02-06 19:15:48,680 [INFO] ApiDb:261 - Set plugin images path to: C:\Program Files\STM32CubeIDE_1.12.1\STM32CubeIDE\plugins\com.st.stm32cube.common.mx_6.8.1.202304191431\\db\/plugins/mcufinder/images/
2024-02-06 19:15:48,680 [WARN] DbFile:41 - Overriding database path with different value: C:\Users\Dominik\.stmcufinder\plugins\mcufinder/ => C:\Users\Dominik\.stmcufinder\plugins\mcufinder
2024-02-06 19:15:48,680 [INFO] ApiDb:250 - Set database path to: C:\Users\Dominik\.stmcufinder\plugins\mcufinder//mcu/
2024-02-06 19:15:48,680 [WARN] DbFile:41 - Overriding database path with different value: C:\Users\Dominik\.stmcufinder\plugins\mcufinder/ => C:\Users\Dominik\.stmcufinder\plugins\mcufinder
2024-02-06 19:15:48,680 [INFO] DbMcusAds:125 - Set database path to: C:\Users\Dominik\.stmcufinder\plugins\mcufinder//mcu/
2024-02-06 19:15:48,681 [WARN] DbFile:41 - Overriding database path with different value: C:\Users\Dominik\.stmcufinder\plugins\mcufinder/ => C:\Users\Dominik\.stmcufinder\plugins\mcufinder
2024-02-06 19:15:48,681 [WARN] DbFile:41 - Overriding database path with different value: C:\Users\Dominik\.stmcufinder\plugins\mcufinder/ => C:\Users\Dominik\.stmcufinder\plugins\mcufinder
2024-02-06 19:15:48,681 [INFO] CrossReferenceDbSqlite:203 - Set database path to: C:\Users\Dominik\.stmcufinder\plugins\mcufinder//mcu/cs/
2024-02-06 19:15:48,705 [INFO] ApplicationProperties:184 - Using Application install path: C:\Program Files\STM32CubeIDE_1.12.1\STM32CubeIDE\plugins\com.st.stm32cube.common.mx_6.8.1.202304191431
2024-02-06 19:15:48,707 [INFO] PluginManage:196 - Search for loadable plugins [exclusion list=, ]
2024-02-06 19:15:48,708 [INFO] PluginManage:310 - Check plugin analytics
2024-02-06 19:15:48,839 [INFO] AnalyticsPlugin:253 - Accepted Software Licenses: 
2024-02-06 19:15:48,839 [INFO] AnalyticsPlugin:255 - Accepted CMSIS Pack Licenses: 
2024-02-06 19:15:48,839 [INFO] AnalyticsPlugin:257 - Accepted Firmware Licenses: FW.WB.1.16.0
2024-02-06 19:15:48,845 [INFO] PluginManage:359 - Loaded plugin analytics (category:tool,tabindex:-1)
2024-02-06 19:15:48,845 [INFO] PluginManage:310 - Check plugin cadmodel
2024-02-06 19:15:48,858 [INFO] CADModel:105 - Init CAD model plugin
2024-02-06 19:15:48,858 [INFO] PluginManage:359 - Loaded plugin cadmodel (category:power,tabindex:5)
2024-02-06 19:15:48,858 [INFO] PluginManage:310 - Check plugin clock
2024-02-06 19:15:48,889 [INFO] PluginManage:359 - Loaded plugin clock (category:base,tabindex:2)
2024-02-06 19:15:48,889 [INFO] PluginManage:310 - Check plugin ddr
2024-02-06 19:15:48,891 [INFO] PluginManage:359 - Loaded plugin ddr (category:tool,tabindex:6)
2024-02-06 19:15:48,891 [INFO] PluginManage:310 - Check plugin filemanager
2024-02-06 19:15:49,017 [INFO] PluginManage:359 - Loaded plugin filemanager (category:base,tabindex:10)
2024-02-06 19:15:49,017 [INFO] PluginManage:310 - Check plugin ipmanager
2024-02-06 19:15:49,024 [INFO] PluginManage:359 - Loaded plugin ipmanager (category:base,tabindex:5)
2024-02-06 19:15:49,024 [INFO] PluginManage:310 - Check plugin lpbam
2024-02-06 19:15:49,040 [INFO] PluginManage:359 - Loaded plugin lpbam (category:base,tabindex:0)
2024-02-06 19:15:49,040 [INFO] PluginManage:310 - Check plugin pinoutandconfiguration
2024-02-06 19:15:49,053 [INFO] PluginManage:359 - Loaded plugin pinoutandconfiguration (category:base,tabindex:1)
2024-02-06 19:15:49,053 [INFO] PluginManage:310 - Check plugin pinoutconfig
2024-02-06 19:15:49,145 [WARN] SupportedApi:132 - Cannot load RTOS API schema: s4s-elt-must-match.1: The content of 'definitions' must match (annotation?, (simpleType | complexType)?, (unique | key | keyref)*)). A problem was found starting at: attribute.
2024-02-06 19:15:49,265 [INFO] PluginManage:359 - Loaded plugin pinoutconfig (category:base,tabindex:0)
2024-02-06 19:15:49,265 [INFO] PluginManage:310 - Check plugin power
2024-02-06 19:15:49,282 [INFO] PluginManage:359 - Loaded plugin power (category:power,tabindex:4)
2024-02-06 19:15:49,283 [INFO] PluginManage:310 - Check plugin projectmanager
2024-02-06 19:15:49,293 [INFO] PluginManage:359 - Loaded plugin projectmanager (category:projectmanager,tabindex:3)
2024-02-06 19:15:49,294 [INFO] PluginManage:310 - Check plugin thirdparty
2024-02-06 19:15:49,505 [INFO] PluginManage:359 - Loaded plugin thirdparty (category:base,tabindex:-1)
2024-02-06 19:15:49,505 [INFO] PluginManage:310 - Check plugin tools
2024-02-06 19:15:49,505 [WARN] IntegrityCheckThread:84 - waiting for thirdparty lock release [integrity check]
2024-02-06 19:15:49,505 [INFO] IntegrityCheckThread:86 - entering critical section [integrity check]
2024-02-06 19:15:49,506 [INFO] ThirdPartyUpdaterWithRetryManager:70 - Updater plugin not ready yet. [1/15]
2024-02-06 19:15:49,527 [INFO] PluginManage:359 - Loaded plugin tools (category:base,tabindex:7)
2024-02-06 19:15:49,527 [INFO] PluginManage:310 - Check plugin tutovideos
2024-02-06 19:15:49,690 [INFO] PluginManage:359 - Loaded plugin tutovideos (category:base,tabindex:-1)
2024-02-06 19:15:49,690 [INFO] PluginManage:310 - Check plugin updater
2024-02-06 19:15:49,706 [INFO] PluginManage:359 - Loaded plugin updater (category:base,tabindex:12)
2024-02-06 19:15:49,707 [INFO] PluginManage:283 - PluginManage : Loaded plugins [15]
2024-02-06 19:15:49,926 [INFO] PinOutPanel:1499 - setPackage(No Configuration,No Configuration)
2024-02-06 19:15:49,982 [INFO] CADModel:165 - CPN selected for project level
2024-02-06 19:15:49,982 [INFO] CADModel:114 - Register for checkConnection events
2024-02-06 19:15:50,007 [INFO] IPUIPlugin:80 - create IPUIPlugin
2024-02-06 19:15:50,007 [INFO] PluginManager:220 - loadIPPluginJar : add adc
2024-02-06 19:15:50,035 [INFO] IPUIPlugin:80 - create IPUIPlugin
2024-02-06 19:15:50,035 [INFO] PluginManager:220 - loadIPPluginJar : add aes
2024-02-06 19:15:50,064 [INFO] IPUIPlugin:80 - create IPUIPlugin
2024-02-06 19:15:50,064 [INFO] PluginManager:220 - loadIPPluginJar : add can
2024-02-06 19:15:50,081 [INFO] IPUIPlugin:80 - create IPUIPlugin
2024-02-06 19:15:50,081 [INFO] PluginManager:220 - loadIPPluginJar : add comp
2024-02-06 19:15:50,106 [INFO] IPUIPlugin:80 - create IPUIPlugin
2024-02-06 19:15:50,106 [INFO] PluginManager:220 - loadIPPluginJar : add cryp
2024-02-06 19:15:50,129 [INFO] IPUIPlugin:80 - create IPUIPlugin
2024-02-06 19:15:50,129 [INFO] PluginManager:220 - loadIPPluginJar : add dfsdm
2024-02-06 19:15:50,142 [INFO] IPUIPlugin:80 - create IPUIPlugin
2024-02-06 19:15:50,142 [INFO] PluginManager:220 - loadIPPluginJar : add dma
2024-02-06 19:15:50,173 [INFO] IPUIPlugin:80 - create IPUIPlugin
2024-02-06 19:15:50,173 [INFO] PluginManager:220 - loadIPPluginJar : add dma3
2024-02-06 19:15:50,189 [INFO] IPUIPlugin:80 - create IPUIPlugin
2024-02-06 19:15:50,189 [INFO] PluginManager:220 - loadIPPluginJar : add fatfs
2024-02-06 19:15:50,223 [INFO] IPUIPlugin:80 - create IPUIPlugin
2024-02-06 19:15:50,223 [INFO] PluginManager:220 - loadIPPluginJar : add fmc
2024-02-06 19:15:50,238 [INFO] IPUIPlugin:80 - create IPUIPlugin
2024-02-06 19:15:50,238 [INFO] PluginManager:220 - loadIPPluginJar : add freertos
2024-02-06 19:15:50,255 [INFO] IPUIPlugin:80 - create IPUIPlugin
2024-02-06 19:15:50,255 [INFO] PluginManager:220 - loadIPPluginJar : add genericplugin
2024-02-06 19:15:50,318 [INFO] IPUIPlugin:80 - create IPUIPlugin
2024-02-06 19:15:50,319 [INFO] PluginManager:220 - loadIPPluginJar : add gfxmmu
2024-02-06 19:15:50,405 [INFO] IPUIPlugin:80 - create IPUIPlugin
2024-02-06 19:15:50,405 [INFO] PluginManager:220 - loadIPPluginJar : add gic
2024-02-06 19:15:50,417 [INFO] IPUIPlugin:80 - create IPUIPlugin
2024-02-06 19:15:50,417 [INFO] PluginManager:220 - loadIPPluginJar : add gpio
2024-02-06 19:15:50,486 [INFO] IPUIPlugin:80 - create IPUIPlugin
2024-02-06 19:15:50,486 [INFO] PluginManager:220 - loadIPPluginJar : add gtzc
2024-02-06 19:15:50,509 [INFO] IPUIPlugin:80 - create IPUIPlugin
2024-02-06 19:15:50,509 [INFO] PluginManager:220 - loadIPPluginJar : add hash
2024-02-06 19:15:50,545 [INFO] IPUIPlugin:80 - create IPUIPlugin
2024-02-06 19:15:50,545 [INFO] PluginManager:220 - loadIPPluginJar : add i2c
2024-02-06 19:15:50,578 [INFO] IPUIPlugin:80 - create IPUIPlugin
2024-02-06 19:15:50,578 [INFO] PluginManager:220 - loadIPPluginJar : add i2s
2024-02-06 19:15:50,608 [INFO] IPUIPlugin:80 - create IPUIPlugin
2024-02-06 19:15:50,609 [INFO] PluginManager:220 - loadIPPluginJar : add i3c
2024-02-06 19:15:50,687 [INFO] IPUIPlugin:80 - create IPUIPlugin
2024-02-06 19:15:50,687 [INFO] PluginManager:220 - loadIPPluginJar : add ipddr
2024-02-06 19:15:50,766 [INFO] IPUIPlugin:80 - create IPUIPlugin
2024-02-06 19:15:50,766 [INFO] PluginManager:220 - loadIPPluginJar : add linkedlist
2024-02-06 19:15:50,792 [INFO] IPUIPlugin:80 - create IPUIPlugin
2024-02-06 19:15:50,793 [INFO] PluginManager:220 - loadIPPluginJar : add lorawan
2024-02-06 19:15:50,821 [INFO] IPUIPlugin:80 - create IPUIPlugin
2024-02-06 19:15:50,821 [INFO] PluginManager:220 - loadIPPluginJar : add ltdc
2024-02-06 19:15:50,834 [INFO] IPUIPlugin:80 - create IPUIPlugin
2024-02-06 19:15:50,834 [INFO] PluginManager:220 - loadIPPluginJar : add mdma
2024-02-06 19:15:50,846 [INFO] IPUIPlugin:80 - create IPUIPlugin
2024-02-06 19:15:50,847 [INFO] PluginManager:220 - loadIPPluginJar : add nvic
2024-02-06 19:15:50,893 [INFO] IPUIPlugin:80 - create IPUIPlugin
2024-02-06 19:15:50,893 [INFO] PluginManager:220 - loadIPPluginJar : add opamp
2024-02-06 19:15:50,941 [INFO] IPUIPlugin:80 - create IPUIPlugin
2024-02-06 19:15:50,942 [INFO] PluginManager:220 - loadIPPluginJar : add openamp
2024-02-06 19:15:50,982 [INFO] IPUIPlugin:80 - create IPUIPlugin
2024-02-06 19:15:50,982 [INFO] PluginManager:220 - loadIPPluginJar : add pdm2pcm
2024-02-06 19:15:51,003 [INFO] IPUIPlugin:80 - create IPUIPlugin
2024-02-06 19:15:51,017 [INFO] PluginManager:220 - loadIPPluginJar : add plateformsettings
2024-02-06 19:15:51,036 [INFO] IPUIPlugin:80 - create IPUIPlugin
2024-02-06 19:15:51,036 [INFO] PluginManager:220 - loadIPPluginJar : add quadspi
2024-02-06 19:15:51,048 [INFO] IPUIPlugin:80 - create IPUIPlugin
2024-02-06 19:15:51,048 [INFO] PluginManager:220 - loadIPPluginJar : add resmgrutility
2024-02-06 19:15:51,089 [INFO] IPUIPlugin:80 - create IPUIPlugin
2024-02-06 19:15:51,089 [INFO] PluginManager:220 - loadIPPluginJar : add sai
2024-02-06 19:15:51,116 [INFO] IPUIPlugin:80 - create IPUIPlugin
2024-02-06 19:15:51,116 [INFO] PluginManager:220 - loadIPPluginJar : add spi
2024-02-06 19:15:51,158 [INFO] IPUIPlugin:80 - create IPUIPlugin
2024-02-06 19:15:51,158 [INFO] PluginManager:220 - loadIPPluginJar : add stm32_wpan
2024-02-06 19:15:51,177 [INFO] IPUIPlugin:80 - create IPUIPlugin
2024-02-06 19:15:51,177 [INFO] PluginManager:220 - loadIPPluginJar : add tim
2024-02-06 19:15:51,226 [INFO] IPUIPlugin:80 - create IPUIPlugin
2024-02-06 19:15:51,226 [INFO] PluginManager:220 - loadIPPluginJar : add touchsensing
2024-02-06 19:15:51,246 [INFO] IPUIPlugin:80 - create IPUIPlugin
2024-02-06 19:15:51,246 [INFO] PluginManager:220 - loadIPPluginJar : add tracer_emb
2024-02-06 19:15:51,265 [INFO] IPUIPlugin:80 - create IPUIPlugin
2024-02-06 19:15:51,265 [INFO] PluginManager:220 - loadIPPluginJar : add ts
2024-02-06 19:15:51,283 [INFO] IPUIPlugin:80 - create IPUIPlugin
2024-02-06 19:15:51,283 [INFO] PluginManager:220 - loadIPPluginJar : add tsc
2024-02-06 19:15:51,301 [INFO] IPUIPlugin:80 - create IPUIPlugin
2024-02-06 19:15:51,301 [INFO] PluginManager:220 - loadIPPluginJar : add ucpd
2024-02-06 19:15:51,336 [INFO] IPUIPlugin:80 - create IPUIPlugin
2024-02-06 19:15:51,336 [INFO] PluginManager:220 - loadIPPluginJar : add usart
2024-02-06 19:15:51,377 [INFO] IPUIPlugin:80 - create IPUIPlugin
2024-02-06 19:15:51,377 [INFO] PluginManager:220 - loadIPPluginJar : add usbx
2024-02-06 19:15:51,493 [INFO] CADModel:165 - CPN selected for project level
2024-02-06 19:15:51,493 [INFO] CADModel:114 - Register for checkConnection events
2024-02-06 19:15:51,493 [FATAL] Updater:308 - Updater called before beeing initialized
2024-02-06 19:15:51,493 [ERROR] CADModel:125 - Updater not yet initialized, retry later 
2024-02-06 19:15:51,622 [INFO] CADModel:165 - CPN selected for project level
2024-02-06 19:15:51,622 [INFO] CADModel:114 - Register for checkConnection events
2024-02-06 19:15:51,622 [FATAL] Updater:308 - Updater called before beeing initialized
2024-02-06 19:15:51,623 [ERROR] CADModel:125 - Updater not yet initialized, retry later 
2024-02-06 19:15:51,626 [FATAL] Updater:308 - Updater called before beeing initialized
2024-02-06 19:15:51,733 [FATAL] Updater:308 - Updater called before beeing initialized
2024-02-06 19:15:51,743 [INFO] DbMcusAds:53 - JSON generation date=Wed Nov 29 11:52:27 CET 2023 (1701255147200)
2024-02-06 19:15:51,743 [FATAL] Updater:308 - Updater called before beeing initialized
2024-02-06 19:15:51,773 [WARN] DetailPanel:346 - Failed to get advertising image, set to default
2024-02-06 19:15:51,865 [FATAL] Updater:308 - Updater called before beeing initialized
2024-02-06 19:15:51,867 [FATAL] Updater:308 - Updater called before beeing initialized
2024-02-06 19:15:51,867 [FATAL] Updater:308 - Updater called before beeing initialized
2024-02-06 19:15:51,867 [WARN] DetailPanel:346 - Failed to get advertising image, set to default
2024-02-06 19:15:51,868 [FATAL] Updater:308 - Updater called before beeing initialized
2024-02-06 19:15:51,919 [ERROR] Updater:1120 - MainUpdater not yet initialized. External WinMGr cannot be set.
2024-02-06 19:15:51,928 [INFO] Updater:1056 - Updater Version found : 6.8.1
2024-02-06 19:15:51,945 [INFO] ApplicationProperties:184 - Using Application install path: C:\Program Files\STM32CubeIDE_1.12.1\STM32CubeIDE\plugins\com.st.stm32cube.common.mx_6.8.1.202304191431
2024-02-06 19:15:52,231 [INFO] MainUpdater:2854 - connection check result : 10
2024-02-06 19:15:52,231 [INFO] MainUpdater:3548 - Updater definition file requires update
2024-02-06 19:15:52,232 [INFO] MainUpdater:283 - Updater Check For Update Now.
2024-02-06 19:15:52,232 [INFO] MicroXplorer:498 - Change Database Version : DB.6.0.81
2024-02-06 19:15:52,314 [INFO] ServerAccessManage:473 - Download File updaters.zip
2024-02-06 19:15:52,447 [INFO] FileExtend:240 - Unzip File : updaters.zip
2024-02-06 19:15:52,447 [INFO] FileExtend:255 - Standard Zip Deflate
2024-02-06 19:15:52,512 [WARN] MainUpdater:1187 - Updater busy. Cannot search thirdparties
2024-02-06 19:15:52,512 [INFO] ThirdPartyUpdaterWithRetryManager:96 - Updater plugin is busy. [1/15]
2024-02-06 19:15:52,886 [INFO] ServerAccessManage:473 - Download File PacksControlFlags.xml
2024-02-06 19:15:52,987 [INFO] ServerAccessManage:473 - Download File cubemx.pidx
2024-02-06 19:15:53,067 [INFO] LoadServerUpdatesThread:373 - End of LoadServerUpdate Thread
2024-02-06 19:15:53,230 [INFO] CheckServerUpdateThread:120 - End of CheckServer Thread
2024-02-06 19:15:53,288 [INFO] MainUpdater:2854 - connection check result : 10
2024-02-06 19:15:53,313 [INFO] McuFinderGlobals:66 - Set McuFinderConnectedMode to true
2024-02-06 19:15:53,770 [INFO] ServerAccessManage:473 - Download File mcusAds.json._tmp_
2024-02-06 19:15:53,886 [INFO] LoadUrlFilesThread:156 - End of LoadUrlFiles Thread
2024-02-06 19:15:54,074 [INFO] ServerAccessManage:473 - Download File cube-finder-db.zip
2024-02-06 19:15:55,519 [WARN] MainUpdater:1187 - Updater busy. Cannot search thirdparties
2024-02-06 19:15:55,519 [INFO] ThirdPartyUpdaterWithRetryManager:96 - Updater plugin is busy. [2/15]
2024-02-06 19:15:58,527 [WARN] MainUpdater:1187 - Updater busy. Cannot search thirdparties
2024-02-06 19:15:58,527 [INFO] ThirdPartyUpdaterWithRetryManager:96 - Updater plugin is busy. [3/15]
2024-02-06 19:16:01,534 [WARN] MainUpdater:1187 - Updater busy. Cannot search thirdparties
2024-02-06 19:16:01,534 [INFO] ThirdPartyUpdaterWithRetryManager:96 - Updater plugin is busy. [4/15]
2024-02-06 19:16:04,542 [WARN] MainUpdater:1187 - Updater busy. Cannot search thirdparties
2024-02-06 19:16:04,542 [INFO] ThirdPartyUpdaterWithRetryManager:96 - Updater plugin is busy. [5/15]
2024-02-06 19:16:07,547 [WARN] MainUpdater:1187 - Updater busy. Cannot search thirdparties
2024-02-06 19:16:07,547 [INFO] ThirdPartyUpdaterWithRetryManager:96 - Updater plugin is busy. [6/15]
2024-02-06 19:16:10,556 [WARN] MainUpdater:1187 - Updater busy. Cannot search thirdparties
2024-02-06 19:16:10,556 [INFO] ThirdPartyUpdaterWithRetryManager:96 - Updater plugin is busy. [7/15]
2024-02-06 19:16:13,559 [WARN] MainUpdater:1187 - Updater busy. Cannot search thirdparties
2024-02-06 19:16:13,559 [INFO] ThirdPartyUpdaterWithRetryManager:96 - Updater plugin is busy. [8/15]
2024-02-06 19:16:16,562 [WARN] MainUpdater:1187 - Updater busy. Cannot search thirdparties
2024-02-06 19:16:16,562 [INFO] ThirdPartyUpdaterWithRetryManager:96 - Updater plugin is busy. [9/15]
2024-02-06 19:16:19,563 [WARN] MainUpdater:1187 - Updater busy. Cannot search thirdparties
2024-02-06 19:16:19,563 [INFO] ThirdPartyUpdaterWithRetryManager:96 - Updater plugin is busy. [10/15]
2024-02-06 19:16:22,571 [WARN] MainUpdater:1187 - Updater busy. Cannot search thirdparties
2024-02-06 19:16:22,571 [INFO] ThirdPartyUpdaterWithRetryManager:96 - Updater plugin is busy. [11/15]
2024-02-06 19:16:23,070 [INFO] FileExtend:240 - Unzip File : cube-finder-db.zip
2024-02-06 19:16:23,070 [INFO] FileExtend:255 - Standard Zip Deflate
2024-02-06 19:16:23,651 [INFO] LoadUrlFilesThread:156 - End of LoadUrlFiles Thread
2024-02-06 19:16:25,713 [WARN] PackLoader:240 - Cannot read IP mode file for STMicroelectronics.X-CUBE-SMBUS.2.1.0
2024-02-06 19:16:25,725 [WARN] PackLoader:240 - Cannot read IP mode file for STMicroelectronics.X-CUBE-TOUCHGFX.4.23.0
2024-02-06 19:16:25,751 [WARN] PackLoader:240 - Cannot read IP mode file for STMicroelectronics.X-CUBE-AZRTOS-F7.1.1.0
2024-02-06 19:16:25,766 [WARN] PackLoader:240 - Cannot read IP mode file for STMicroelectronics.FP-SNS-MOTENV1.4.3.2
2024-02-06 19:16:25,778 [WARN] PackLoader:240 - Cannot read IP mode file for STMicroelectronics.FP-SNS-FLIGHT1.5.0.2
2024-02-06 19:16:25,791 [WARN] PackLoader:240 - Cannot read IP mode file for STMicroelectronics.X-CUBE-DISPLAY.3.0.0
2024-02-06 19:16:25,808 [WARN] PackLoader:240 - Cannot read IP mode file for STMicroelectronics.X-CUBE-BLE1.7.0.0
2024-02-06 19:16:25,821 [WARN] PackLoader:240 - Cannot read IP mode file for emotas.I-CUBE-CANOPEN.1.3.0
2024-02-06 19:16:25,831 [WARN] PackLoader:240 - Cannot read IP mode file for STMicroelectronics.X-CUBE-TOUCHGFX.4.22.1
2024-02-06 19:16:25,842 [WARN] PackLoader:240 - Cannot read IP mode file for STMicroelectronics.FP-SNS-SMARTAG2.1.2.0
2024-02-06 19:16:25,857 [INFO] LogOutputStream:77 - [STDOUT_REDIRECT] 1 : Invalid condition id : UX_CORESTACK_Condition cause : null
2024-02-06 19:16:25,858 [INFO] LogOutputStream:77 - [STDOUT_REDIRECT] 1 : Invalid condition id : UX_CORESTACK_Condition cause : null
2024-02-06 19:16:25,858 [INFO] LogOutputStream:77 - [STDOUT_REDIRECT] 1 : Invalid condition id : UX_CORESTACK_Condition cause : null
2024-02-06 19:16:25,859 [INFO] LogOutputStream:77 - [STDOUT_REDIRECT] 1 : Invalid condition id : UX_CORESTACK_Condition cause : null
2024-02-06 19:16:25,859 [INFO] LogOutputStream:77 - [STDOUT_REDIRECT] 1 : Invalid condition id : UX_CORESTACK_Condition cause : null
2024-02-06 19:16:25,861 [WARN] PackLoader:240 - Cannot read IP mode file for STMicroelectronics.X-CUBE-AZRTOS-WL.2.0.0
2024-02-06 19:16:25,874 [WARN] PackLoader:240 - Cannot read IP mode file for WES.I-CUBE-Cesium.1.3.0
2024-02-06 19:16:25,883 [WARN] PackLoader:240 - Cannot read IP mode file for STMicroelectronics.X-CUBE-BLE2.3.3.0
2024-02-06 19:16:25,896 [WARN] PackLoader:240 - Cannot read IP mode file for STMicroelectronics.X-CUBE-ALGOBUILD.1.3.0
2024-02-06 19:16:25,919 [WARN] PackLoader:240 - Cannot read IP mode file for STMicroelectronics.X-CUBE-AZRTOS-G0.1.1.0
2024-02-06 19:16:25,932 [WARN] PackLoader:240 - Cannot read IP mode file for STMicroelectronics.X-CUBE-NFC4.3.0.0
2024-02-06 19:16:25,948 [WARN] PackLoader:240 - Cannot read IP mode file for STMicroelectronics.X-CUBE-BLEMGR.3.0.0
2024-02-06 19:16:25,959 [WARN] PackLoader:240 - Cannot read IP mode file for STMicroelectronics.FP-ATR-SIGFOX1.3.2.0
2024-02-06 19:16:25,971 [WARN] PackLoader:240 - Cannot read IP mode file for STMicroelectronics.X-CUBE-EEPRMA1.5.1.0
2024-02-06 19:16:26,001 [WARN] PackLoader:240 - Cannot read IP mode file for SEGGER.I-CUBE-embOS.1.3.1
2024-02-06 19:16:26,048 [WARN] PackLoader:240 - Cannot read IP mode file for STMicroelectronics.X-CUBE-GNSS1.6.0.0
2024-02-06 19:16:26,071 [WARN] PackLoader:240 - Cannot read IP mode file for STMicroelectronics.X-CUBE-AZRTOS-F4.1.1.0
2024-02-06 19:16:26,086 [WARN] PackLoader:240 - Cannot read IP mode file for wolfSSL.I-CUBE-wolfSSL.5.6.3
2024-02-06 19:16:26,112 [WARN] PackLoader:240 - Cannot read IP mode file for STMicroelectronics.X-CUBE-AZRTOS-L5.2.0.0
2024-02-06 19:16:26,124 [WARN] PackLoader:240 - Cannot read IP mode file for STMicroelectronics.X-CUBE-EEPRMA1.4.2.0
2024-02-06 19:16:26,138 [WARN] PackLoader:240 - Cannot read IP mode file for ITTIA_DB.I-CUBE-ITTIADB.8.8.0
2024-02-06 19:16:26,152 [WARN] PackLoader:240 - Cannot read IP mode file for STMicroelectronics.X-CUBE-BLEMGR.2.0.0
2024-02-06 19:16:26,177 [WARN] ConditionMgr:438 - getConditionDescription Invalid condition id : UX DEVICE CLASS RTOS Condition cause : null
2024-02-06 19:16:26,177 [WARN] ConditionMgr:438 - getConditionDescription Invalid condition id : UX DEVICE CLASS RTOS Condition cause : null
2024-02-06 19:16:26,180 [WARN] PackLoader:240 - Cannot read IP mode file for STMicroelectronics.X-CUBE-AZRTOS-H7.3.1.0
2024-02-06 19:16:26,181 [WARN] ConditionMgr:1039 - genDependencies : Invalid condition id : UX DEVICE CLASS RTOS Condition cause : null
2024-02-06 19:16:26,181 [WARN] ConditionMgr:1039 - genDependencies : Invalid condition id : UX DEVICE CLASS RTOS Condition cause : null
2024-02-06 19:16:26,182 [WARN] ConditionMgr:1039 - genDependencies : Invalid condition id : UX DEVICE CLASS RTOS Condition cause : null
2024-02-06 19:16:26,182 [WARN] ConditionMgr:1039 - genDependencies : Invalid condition id : UX DEVICE CLASS RTOS Condition cause : null
2024-02-06 19:16:26,182 [WARN] ConditionMgr:1039 - genDependencies : Invalid condition id : UX DEVICE CLASS RTOS Condition cause : null
2024-02-06 19:16:26,193 [WARN] PackLoader:240 - Cannot read IP mode file for STMicroelectronics.X-CUBE-NFC7.1.0.1
2024-02-06 19:16:26,209 [WARN] PackLoader:240 - Cannot read IP mode file for STMicroelectronics.X-CUBE-NFC6.3.0.0
2024-02-06 19:16:26,222 [WARN] PackLoader:240 - Cannot read IP mode file for STMicroelectronics.X-CUBE-AI.8.1.0
2024-02-06 19:16:26,246 [WARN] ConditionMgr:438 - getConditionDescription Invalid condition id : LAN8742 Phy interface Condition cause : null
2024-02-06 19:16:26,247 [WARN] PackLoader:240 - Cannot read IP mode file for STMicroelectronics.X-CUBE-AZRTOS-L4.2.0.0
2024-02-06 19:16:26,248 [WARN] ConditionMgr:1039 - genDependencies : Invalid condition id : LAN8742 Phy interface Condition cause : null
2024-02-06 19:16:26,248 [WARN] ConditionMgr:1039 - genDependencies : Invalid condition id : LAN8742 Phy interface Condition cause : null
2024-02-06 19:16:26,249 [WARN] ConditionMgr:1039 - genDependencies : Invalid condition id : LAN8742 Phy interface Condition cause : null
2024-02-06 19:16:26,261 [WARN] PackLoader:240 - Cannot read IP mode file for STMicroelectronics.X-CUBE-SFXS2LP1.4.0.0
2024-02-06 19:16:26,273 [WARN] PackLoader:240 - Cannot read IP mode file for STMicroelectronics.X-CUBE-ISPU.1.1.0
2024-02-06 19:16:26,291 [WARN] ConditionMgr:438 - getConditionDescription Invalid condition id : UX DEVICE CLASS RTOS Condition cause : null
2024-02-06 19:16:26,291 [WARN] ConditionMgr:438 - getConditionDescription Invalid condition id : UX DEVICE CLASS RTOS Condition cause : null
2024-02-06 19:16:26,292 [WARN] PackLoader:240 - Cannot read IP mode file for STMicroelectronics.X-CUBE-AZRTOS-WB.2.0.0
2024-02-06 19:16:26,292 [WARN] ConditionMgr:1039 - genDependencies : Invalid condition id : UX DEVICE CLASS RTOS Condition cause : null
2024-02-06 19:16:26,292 [WARN] ConditionMgr:1039 - genDependencies : Invalid condition id : UX DEVICE CLASS RTOS Condition cause : null
2024-02-06 19:16:26,292 [WARN] ConditionMgr:1039 - genDependencies : Invalid condition id : UX DEVICE CLASS RTOS Condition cause : null
2024-02-06 19:16:26,292 [WARN] ConditionMgr:1039 - genDependencies : Invalid condition id : UX DEVICE CLASS RTOS Condition cause : null
2024-02-06 19:16:26,292 [WARN] ConditionMgr:1039 - genDependencies : Invalid condition id : UX DEVICE CLASS RTOS Condition cause : null
2024-02-06 19:16:26,306 [WARN] PackLoader:240 - Cannot read IP mode file for STMicroelectronics.X-CUBE-SUBG2.5.0.0
2024-02-06 19:16:26,322 [WARN] PackLoader:240 - Cannot read IP mode file for STMicroelectronics.X-CUBE-TOF1.3.3.1
2024-02-06 19:16:26,344 [WARN] PackLoader:240 - Cannot read IP mode file for STMicroelectronics.X-CUBE-AZRTOS-G4.2.0.0
2024-02-06 19:16:26,363 [WARN] PackLoader:240 - Cannot read IP mode file for Infineon.AIROC-Wi-Fi-Bluetooth-STM32.1.5.1
2024-02-06 19:16:26,379 [WARN] PackLoader:240 - Cannot read IP mode file for STMicroelectronics.FP-SNS-MOTENVWB1.1.3.1
2024-02-06 19:16:26,391 [WARN] PackLoader:240 - Cannot read IP mode file for STMicroelectronics.X-CUBE-ISPU.2.0.0
2024-02-06 19:16:26,440 [WARN] PackLoader:240 - Cannot read IP mode file for STMicroelectronics.X-CUBE-MEMS1.10.0.0
2024-02-06 19:16:26,540 [WARN] PackLoader:240 - Cannot read IP mode file for STMicroelectronics.X-CUBE-FREERTOS.1.1.0
2024-02-06 19:16:26,554 [WARN] PackLoader:240 - Cannot read IP mode file for portGmbH.I-Cube-SoM-uGOAL.1.1.0
2024-02-06 19:16:26,569 [WARN] PackLoader:240 - Cannot read IP mode file for STMicroelectronics.X-CUBE-ALS.1.0.1
2024-02-06 19:16:26,584 [WARN] PackLoader:240 - Cannot read IP mode file for STMicroelectronics.FP-ATR-ASTRA1.2.0.0
2024-02-06 19:16:26,605 [WARN] PackLoader:240 - Cannot read IP mode file for STMicroelectronics.X-CUBE-TOF1.3.4.0
2024-02-06 19:16:26,640 [WARN] PackLoader:240 - Cannot read IP mode file for STMicroelectronics.X-CUBE-AZRTOS-H7.3.2.0
2024-02-06 19:16:26,645 [INFO] ThirdParty:978 - Integrity check success = true
2024-02-06 19:16:26,645 [INFO] IntegrityCheckThread:100 - exiting critical section [integrity check]
2024-02-06 19:16:26,645 [INFO] IntegrityCheckThread:103 - End integrity checks thread
2024-02-06 19:16:32,899 [INFO] ServerAccessManage:473 - Download File crdb.zip
2024-02-06 19:16:33,262 [INFO] FileExtend:240 - Unzip File : crdb.zip
2024-02-06 19:16:33,263 [INFO] FileExtend:255 - Standard Zip Deflate
2024-02-06 19:16:33,413 [INFO] LoadUrlFilesThread:156 - End of LoadUrlFiles Thread
2024-02-06 19:16:33,810 [INFO] ServerAccessManage:473 - Download File tutoVideoDB.zip
2024-02-06 19:16:33,923 [INFO] FileExtend:240 - Unzip File : tutoVideoDB.zip
2024-02-06 19:16:33,923 [INFO] FileExtend:255 - Standard Zip Deflate
2024-02-06 19:16:34,052 [INFO] LoadUrlFilesThread:156 - End of LoadUrlFiles Thread
2024-02-06 19:16:34,056 [WARN] DbFile:41 - Overriding database path with different value: C:\Users\Dominik\.stmcufinder\plugins\mcufinder/ => C:\Users\Dominik\.stmcufinder\plugins\mcufinder
2024-02-06 19:16:34,258 [INFO] ServerAccessManage:473 - Download File api_config.json
2024-02-06 19:16:34,363 [INFO] LoadUrlFilesThread:156 - End of LoadUrlFiles Thread
2024-02-06 19:16:34,363 [INFO] DbMcusAds:53 - JSON generation date=Wed Nov 29 11:52:27 CET 2023 (1701255147200)
2024-02-06 19:16:34,385 [INFO] LoadUrlFilesThread:185 - End of LoadServerUrlFiles without Thread
2024-02-06 19:16:34,386 [INFO] TargetSelectorAdapter:259 - Refresh data is successful
2024-02-06 19:16:34,462 [INFO] ApiDb:581 - Connected to CubeFinder SQLite database (C:\Users\Dominik\.stmcufinder\plugins\mcufinder\mcu\cube-finder-db.db)
2024-02-06 19:16:34,505 [INFO] ApiDb:668 - CubeFinder database Data Model version=2.1
2024-02-06 19:16:34,505 [INFO] ApiDb:669 - CubeFinder database Configuration version=3.0.39
2024-02-06 19:16:34,505 [INFO] ApiDb:670 - CubeFinder database generation date=2024-01-11 (1704964531)
2024-02-06 19:16:34,505 [INFO] ApiDb:671 - CubeFinder database FW Pack versions=[FP-ATR-ASTRA1_V2.0.0, FP-SNS-FLIGHT1_V5.0.1, FP-SNS-FLIGHT1_V5.0.2, FP-SNS-MOTENV1_V4.3.1, FP-SNS-MOTENV1_V4.3.2, FP-SNS-MOTENVWB1_V1.3.1, FP-SNS-SMARTAG2_V1.2.0, STM32Cube_FW_C0_V1.1.0, STM32Cube_FW_F4_V1.28.0, STM32Cube_FW_F7_V1.17.0, STM32Cube_FW_G0_V1.6.2, STM32Cube_FW_G4_V1.5.2, STM32Cube_FW_H5_V0.5.1, STM32Cube_FW_H5_V1.1.1, STM32Cube_FW_H5_V1.2.0RC2, STM32Cube_FW_H7_V1.11.0, STM32Cube_FW_L0_V1.12.2, STM32Cube_FW_L5_V1.5.0, STM32Cube_FW_U5_V1.3.0RC4, STM32Cube_FW_U5_V1.4.0, STM32Cube_FW_WBA_V1.0.0RC1, STM32Cube_FW_WBA_V1.1.0RC1, STM32Cube_FW_WBA_V1.2.0, STM32Cube_FW_WBA_V1.2.0RC2, STM32Cube_FW_WB_V1.15.0RC1, STM32Cube_FW_WB_V1.16.0, STM32Cube_FW_WB_V1.16.0RC2, STM32Cube_FW_WB_V1.18.0, STM32Cube_FW_WL_V1.3.0, X-CUBE-ALGOBUILD_V1.3.0, X-CUBE-ALS_V1.0.1, X-CUBE-AZRTOS-F4_V1.1.0, X-CUBE-AZRTOS-F7_V1.1.0, X-CUBE-AZRTOS-G0_V1.1.0, X-CUBE-AZRTOS-G4_V2.0.0, X-CUBE-AZRTOS-H7_V3.2.0, X-CUBE-AZRTOS-L4_V1.0.0, X-CUBE-AZRTOS-L4_V2.0.0, X-CUBE-AZRTOS-L5_V1.1.0, X-CUBE-AZRTOS-WB_V2.0.0, X-CUBE-AZRTOS-WL_V2.0.0, X-CUBE-BLE1_V7.0.0, X-CUBE-BLE2_V3.3.0, X-CUBE-BLEMGR_V3.0.0, X-CUBE-EEPRMA1_V4.1.0, X-CUBE-EEPRMA1_V4.2.0, X-CUBE-FREERTOS_V1.1.0, X-CUBE-GNSS1_V6.0.0, X-CUBE-MEMS1_V10.0.0, X-CUBE-MEMS1_V9.1.0, X-CUBE-MEMS1_V9.4.0, X-CUBE-MEMS1_V9.6.0, X-CUBE-NFC4_V3.0.0, X-CUBE-NFC7_V1.0.1, X-CUBE-SFXS2LP1_V4.0.0, X-CUBE-SUBG2_V5.0.0, X-CUBE-TOF1_V3.4.0]
2024-02-06 19:16:35,865 [INFO] ApiDb:240 - Found 297 in-development CPN: [B-G473E-ZEST1S, B-WB1M-WPAN1, B-WL5M-SUBG1, NUCLEO-C031C6, NUCLEO-H503RB, NUCLEO-H563ZI, NUCLEO-U545RE-Q, NUCLEO-U5A5ZJ-Q, NUCLEO-WBA52CG, STEVAL-PROTEUS1, STEVAL-STWINBX1, STM320518-EVAL, STM32C0116-DK, STM32C011D6Y3TR, STM32C011D6Y6TR, STM32C011F4P3, STM32C011F4P6, STM32C011F4U3, STM32C011F4U6TR, STM32C011F6P3, STM32C011F6P6, STM32C011F6U3, STM32C011F6U6TR, STM32C011J4M3, STM32C011J4M6, STM32C011J6M3, STM32C011J6M6, STM32C0316-DK, STM32C031C4T3, STM32C031C4T6, STM32C031C4U3, STM32C031C4U6, STM32C031C6T3, STM32C031C6T6, STM32C031C6U3, STM32C031C6U6, STM32C031F4P3, STM32C031F4P6, STM32C031F6P3, STM32C031F6P6, STM32C031G4U3, STM32C031G4U6, STM32C031G6U3, STM32C031G6U6, STM32C031K4T3, STM32C031K4T6, STM32C031K4U3, STM32C031K4U6, STM32C031K6T3, STM32C031K6T6, STM32C031K6U3, STM32C031K6U6, STM32G071K8TXN, STM32G071K8UXN, STM32G081GBU6N, STM32G081KBT6N, STM32G081KBUXN, STM32G0B1CCT6N, STM32G0B1KCT6, STM32G0B1NEY6TR, STM32G0B1RCT6N, STM32G0C1CCT6, STM32G0C1CCT6N, STM32G0C1CCU6N, STM32G0C1CET6N, STM32G0C1CEU6N, STM32G0C1KCT6, STM32G0C1NEY6TR, STM32G0C1RCI6N, STM32G0C1RCT6N, STM32G0C1REI6N, STM32G0C1RET6N, STM32G0C1VCI6, STM32G0C1VEI6, STM32G471CCT6, STM32G471CCU6, STM32G471CET3, STM32G471CET6, STM32G471CEU3, STM32G471CEU6, STM32G471MCT6, STM32G471MET3, STM32G471MET6, STM32G471MEY6TR, STM32G471QCT6, STM32G471QET3, STM32G471RCT6, STM32G471RET3, STM32G471RET6, STM32G471VCH6, STM32G471VCI6, STM32G471VCT6, STM32G471VEH3, STM32G471VEH6, STM32G471VEI3, STM32G471VEI6, STM32G471VET3, STM32G471VET6, STM32G474CCT6, STM32H503CBT6, STM32H503CBU6, STM32H503EBY6TR, STM32H503KBU6, STM32H503RBT6, STM32H562AGI6, STM32H562AII6, STM32H562IGK6, STM32H562IGT6, STM32H562IIK6, STM32H562IIT6, STM32H562RGT6, STM32H562RGV6, STM32H562RIT6, STM32H562RIV6, STM32H562VGT6, STM32H562VIT6, STM32H562ZGT6, STM32H562ZIT6, STM32H563AGI6, STM32H563AII3Q, STM32H563AII6, STM32H563IGK6, STM32H563IGT6, STM32H563IIK3Q, STM32H563IIK6, STM32H563IIT3Q, STM32H563IIT6, STM32H563MIY3QTR, STM32H563RGT6, STM32H563RGV6, STM32H563RIT6, STM32H563RIV6, STM32H563VGT6, STM32H563VIT3Q, STM32H563VIT6, STM32H563ZGT6, STM32H563ZIT3Q, STM32H563ZIT6, STM32H573AII3Q, STM32H573AII6, STM32H573I-DK, STM32H573IIK3Q, STM32H573IIK6, STM32H573IIT3Q, STM32H573IIT6, STM32H573MIY3QTR, STM32H573RIT6, STM32H573RIV6, STM32H573VIT3Q, STM32H573VIT6, STM32H573ZIT3Q, STM32H573ZIT6, STM32L4R5QGI6STR, STM32MP131AAE3, STM32MP131AAF3, STM32MP131AAG3, STM32MP131CAE3, STM32MP131CAF3, STM32MP131CAG3, STM32MP131DAE7, STM32MP131DAF7, STM32MP131DAG7, STM32MP131FAE7, STM32MP131FAF7, STM32MP131FAG7, STM32MP133AAE3, STM32MP133AAF3, STM32MP133AAG3, STM32MP133CAE3, STM32MP133CAF3, STM32MP133CAG3, STM32MP133DAE7, STM32MP133DAF7, STM32MP133DAG7, STM32MP133FAE7, STM32MP133FAF7, STM32MP133FAG7, STM32MP135AAE3, STM32MP135AAF3, STM32MP135AAG3, STM32MP135CAE3, STM32MP135CAF3, STM32MP135CAG3, STM32MP135DAE7, STM32MP135DAF7, STM32MP135DAG7, STM32MP135F-DK, STM32MP135FAE7, STM32MP135FAF7, STM32MP135FAF7T, STM32MP135FAF7U, STM32MP135FAG7, STM32U535CBT6, STM32U535CBT6Q, STM32U535CBU6, STM32U535CBU6Q, STM32U535CCT6, STM32U535CCT6Q, STM32U535CCU6, STM32U535CCU6Q, STM32U535CET6, STM32U535CET6Q, STM32U535CEU6, STM32U535CEU6Q, STM32U535JEY6QTR, STM32U535NCY6QTR, STM32U535NEY6QTR, STM32U535RBI6, STM32U535RBI6Q, STM32U535RBT6, STM32U535RBT6Q, STM32U535RCI6, STM32U535RCI6Q, STM32U535RCT6, STM32U535RCT6Q, STM32U535REI6, STM32U535REI6Q, STM32U535RET6, STM32U535RET6Q, STM32U535VCI6, STM32U535VCI6Q, STM32U535VCT6, STM32U535VCT6Q, STM32U535VEI6, STM32U535VEI6Q, STM32U535VET6, STM32U535VET6Q, STM32U545CET6, STM32U545CET6Q, STM32U545CEU6, STM32U545CEU6Q, STM32U545JEY6QTR, STM32U545NEY6QTR, STM32U545REI6, STM32U545REI6Q, STM32U545RET6, STM32U545RET6Q, STM32U545VEI6, STM32U545VEI6Q, STM32U545VET6, STM32U545VET6Q, STM32U595AIH6, STM32U595AIH6Q, STM32U595AJH6, STM32U595AJH6Q, STM32U595QII6, STM32U595QII6Q, STM32U595QJI6, STM32U595QJI6Q, STM32U595RIT6, STM32U595RIT6Q, STM32U595RJT6, STM32U595RJT6Q, STM32U595VIT6, STM32U595VIT6Q, STM32U595VJT6, STM32U595VJT6Q, STM32U595ZIT6, STM32U595ZIT6Q, STM32U595ZIY6QTR, STM32U595ZJT6, STM32U595ZJT6Q, STM32U595ZJY6QTR, STM32U599BJY6QTR, STM32U599NIH6Q, STM32U599NJH6Q, STM32U599VIT6Q, STM32U599VJT6, STM32U599VJT6Q, STM32U599ZIT6Q, STM32U599ZIY6QTR, STM32U599ZJT6Q, STM32U599ZJY6QTR, STM32U5A5AJH6, STM32U5A5AJH6Q, STM32U5A5QJI6, STM32U5A5QJI6Q, STM32U5A5RJT6, STM32U5A5RJT6Q, STM32U5A5VJT6, STM32U5A5VJT6Q, STM32U5A5ZJT6, STM32U5A5ZJT6Q, STM32U5A5ZJY6QTR, STM32U5A9BJY6QTR, STM32U5A9J-DK, STM32U5A9NJH6Q, STM32U5A9VJT6Q, STM32U5A9ZJT6Q, STM32U5A9ZJY6QTR, STM32WB1MMCH6, STM32WBA52CEU6, STM32WBA52CEU6T, STM32WBA52CGU6, STM32WBA52CGU6T, STM32WL5MOCH6, STM32WL5MOCH6TR]
2024-02-06 19:16:35,869 [INFO] DbMcus:216 - Found 3861 MCUs, 3861 are supported
2024-02-06 19:16:35,871 [INFO] ApiDb:423 - Load user favorites file C:\Users\Dominik/.stm32cubeide/favorites.mcus.txt: 0 item(s)
2024-02-06 19:16:35,871 [INFO] ApiDb:427 - User favorites MCUs=[]
2024-02-06 19:16:35,871 [INFO] DbMcus:222 - Set 0 / 0 favorites MCUs
2024-02-06 19:16:36,059 [INFO] ApiDb:668 - CubeFinder database Data Model version=2.1
2024-02-06 19:16:36,059 [INFO] ApiDb:669 - CubeFinder database Configuration version=3.0.39
2024-02-06 19:16:36,059 [INFO] ApiDb:670 - CubeFinder database generation date=2024-01-11 (1704964531)
2024-02-06 19:16:36,059 [INFO] ApiDb:671 - CubeFinder database FW Pack versions=[FP-ATR-ASTRA1_V2.0.0, FP-SNS-FLIGHT1_V5.0.1, FP-SNS-FLIGHT1_V5.0.2, FP-SNS-MOTENV1_V4.3.1, FP-SNS-MOTENV1_V4.3.2, FP-SNS-MOTENVWB1_V1.3.1, FP-SNS-SMARTAG2_V1.2.0, STM32Cube_FW_C0_V1.1.0, STM32Cube_FW_F4_V1.28.0, STM32Cube_FW_F7_V1.17.0, STM32Cube_FW_G0_V1.6.2, STM32Cube_FW_G4_V1.5.2, STM32Cube_FW_H5_V0.5.1, STM32Cube_FW_H5_V1.1.1, STM32Cube_FW_H5_V1.2.0RC2, STM32Cube_FW_H7_V1.11.0, STM32Cube_FW_L0_V1.12.2, STM32Cube_FW_L5_V1.5.0, STM32Cube_FW_U5_V1.3.0RC4, STM32Cube_FW_U5_V1.4.0, STM32Cube_FW_WBA_V1.0.0RC1, STM32Cube_FW_WBA_V1.1.0RC1, STM32Cube_FW_WBA_V1.2.0, STM32Cube_FW_WBA_V1.2.0RC2, STM32Cube_FW_WB_V1.15.0RC1, STM32Cube_FW_WB_V1.16.0, STM32Cube_FW_WB_V1.16.0RC2, STM32Cube_FW_WB_V1.18.0, STM32Cube_FW_WL_V1.3.0, X-CUBE-ALGOBUILD_V1.3.0, X-CUBE-ALS_V1.0.1, X-CUBE-AZRTOS-F4_V1.1.0, X-CUBE-AZRTOS-F7_V1.1.0, X-CUBE-AZRTOS-G0_V1.1.0, X-CUBE-AZRTOS-G4_V2.0.0, X-CUBE-AZRTOS-H7_V3.2.0, X-CUBE-AZRTOS-L4_V1.0.0, X-CUBE-AZRTOS-L4_V2.0.0, X-CUBE-AZRTOS-L5_V1.1.0, X-CUBE-AZRTOS-WB_V2.0.0, X-CUBE-AZRTOS-WL_V2.0.0, X-CUBE-BLE1_V7.0.0, X-CUBE-BLE2_V3.3.0, X-CUBE-BLEMGR_V3.0.0, X-CUBE-EEPRMA1_V4.1.0, X-CUBE-EEPRMA1_V4.2.0, X-CUBE-FREERTOS_V1.1.0, X-CUBE-GNSS1_V6.0.0, X-CUBE-MEMS1_V10.0.0, X-CUBE-MEMS1_V9.1.0, X-CUBE-MEMS1_V9.4.0, X-CUBE-MEMS1_V9.6.0, X-CUBE-NFC4_V3.0.0, X-CUBE-NFC7_V1.0.1, X-CUBE-SFXS2LP1_V4.0.0, X-CUBE-SUBG2_V5.0.0, X-CUBE-TOF1_V3.4.0]
2024-02-06 19:16:36,098 [INFO] DbBoardsSqlite:226 - include board P-NUCLEO-WB55-NUCLEO as a kit item of type 'Nucleo-64'
2024-02-06 19:16:36,098 [INFO] DbBoardsSqlite:226 - include board P-NUCLEO-WB55-USBDONGLE as a kit item of type 'Nucleo USB Dongle'
2024-02-06 19:16:36,098 [INFO] DbBoardsSqlite:226 - include board STEVAL-IDP005V1 as a kit item of type 'Evaluation Board'
2024-02-06 19:16:36,099 [INFO] DbBoardsSqlite:226 - include board STEVAL-IDP005V2 as a kit item of type 'Evaluation Board'
2024-02-06 19:16:36,133 [INFO] ApiDb:240 - Found 297 in-development CPN: [B-G473E-ZEST1S, B-WB1M-WPAN1, B-WL5M-SUBG1, NUCLEO-C031C6, NUCLEO-H503RB, NUCLEO-H563ZI, NUCLEO-U545RE-Q, NUCLEO-U5A5ZJ-Q, NUCLEO-WBA52CG, STEVAL-PROTEUS1, STEVAL-STWINBX1, STM320518-EVAL, STM32C0116-DK, STM32C011D6Y3TR, STM32C011D6Y6TR, STM32C011F4P3, STM32C011F4P6, STM32C011F4U3, STM32C011F4U6TR, STM32C011F6P3, STM32C011F6P6, STM32C011F6U3, STM32C011F6U6TR, STM32C011J4M3, STM32C011J4M6, STM32C011J6M3, STM32C011J6M6, STM32C0316-DK, STM32C031C4T3, STM32C031C4T6, STM32C031C4U3, STM32C031C4U6, STM32C031C6T3, STM32C031C6T6, STM32C031C6U3, STM32C031C6U6, STM32C031F4P3, STM32C031F4P6, STM32C031F6P3, STM32C031F6P6, STM32C031G4U3, STM32C031G4U6, STM32C031G6U3, STM32C031G6U6, STM32C031K4T3, STM32C031K4T6, STM32C031K4U3, STM32C031K4U6, STM32C031K6T3, STM32C031K6T6, STM32C031K6U3, STM32C031K6U6, STM32G071K8TXN, STM32G071K8UXN, STM32G081GBU6N, STM32G081KBT6N, STM32G081KBUXN, STM32G0B1CCT6N, STM32G0B1KCT6, STM32G0B1NEY6TR, STM32G0B1RCT6N, STM32G0C1CCT6, STM32G0C1CCT6N, STM32G0C1CCU6N, STM32G0C1CET6N, STM32G0C1CEU6N, STM32G0C1KCT6, STM32G0C1NEY6TR, STM32G0C1RCI6N, STM32G0C1RCT6N, STM32G0C1REI6N, STM32G0C1RET6N, STM32G0C1VCI6, STM32G0C1VEI6, STM32G471CCT6, STM32G471CCU6, STM32G471CET3, STM32G471CET6, STM32G471CEU3, STM32G471CEU6, STM32G471MCT6, STM32G471MET3, STM32G471MET6, STM32G471MEY6TR, STM32G471QCT6, STM32G471QET3, STM32G471RCT6, STM32G471RET3, STM32G471RET6, STM32G471VCH6, STM32G471VCI6, STM32G471VCT6, STM32G471VEH3, STM32G471VEH6, STM32G471VEI3, STM32G471VEI6, STM32G471VET3, STM32G471VET6, STM32G474CCT6, STM32H503CBT6, STM32H503CBU6, STM32H503EBY6TR, STM32H503KBU6, STM32H503RBT6, STM32H562AGI6, STM32H562AII6, STM32H562IGK6, STM32H562IGT6, STM32H562IIK6, STM32H562IIT6, STM32H562RGT6, STM32H562RGV6, STM32H562RIT6, STM32H562RIV6, STM32H562VGT6, STM32H562VIT6, STM32H562ZGT6, STM32H562ZIT6, STM32H563AGI6, STM32H563AII3Q, STM32H563AII6, STM32H563IGK6, STM32H563IGT6, STM32H563IIK3Q, STM32H563IIK6, STM32H563IIT3Q, STM32H563IIT6, STM32H563MIY3QTR, STM32H563RGT6, STM32H563RGV6, STM32H563RIT6, STM32H563RIV6, STM32H563VGT6, STM32H563VIT3Q, STM32H563VIT6, STM32H563ZGT6, STM32H563ZIT3Q, STM32H563ZIT6, STM32H573AII3Q, STM32H573AII6, STM32H573I-DK, STM32H573IIK3Q, STM32H573IIK6, STM32H573IIT3Q, STM32H573IIT6, STM32H573MIY3QTR, STM32H573RIT6, STM32H573RIV6, STM32H573VIT3Q, STM32H573VIT6, STM32H573ZIT3Q, STM32H573ZIT6, STM32L4R5QGI6STR, STM32MP131AAE3, STM32MP131AAF3, STM32MP131AAG3, STM32MP131CAE3, STM32MP131CAF3, STM32MP131CAG3, STM32MP131DAE7, STM32MP131DAF7, STM32MP131DAG7, STM32MP131FAE7, STM32MP131FAF7, STM32MP131FAG7, STM32MP133AAE3, STM32MP133AAF3, STM32MP133AAG3, STM32MP133CAE3, STM32MP133CAF3, STM32MP133CAG3, STM32MP133DAE7, STM32MP133DAF7, STM32MP133DAG7, STM32MP133FAE7, STM32MP133FAF7, STM32MP133FAG7, STM32MP135AAE3, STM32MP135AAF3, STM32MP135AAG3, STM32MP135CAE3, STM32MP135CAF3, STM32MP135CAG3, STM32MP135DAE7, STM32MP135DAF7, STM32MP135DAG7, STM32MP135F-DK, STM32MP135FAE7, STM32MP135FAF7, STM32MP135FAF7T, STM32MP135FAF7U, STM32MP135FAG7, STM32U535CBT6, STM32U535CBT6Q, STM32U535CBU6, STM32U535CBU6Q, STM32U535CCT6, STM32U535CCT6Q, STM32U535CCU6, STM32U535CCU6Q, STM32U535CET6, STM32U535CET6Q, STM32U535CEU6, STM32U535CEU6Q, STM32U535JEY6QTR, STM32U535NCY6QTR, STM32U535NEY6QTR, STM32U535RBI6, STM32U535RBI6Q, STM32U535RBT6, STM32U535RBT6Q, STM32U535RCI6, STM32U535RCI6Q, STM32U535RCT6, STM32U535RCT6Q, STM32U535REI6, STM32U535REI6Q, STM32U535RET6, STM32U535RET6Q, STM32U535VCI6, STM32U535VCI6Q, STM32U535VCT6, STM32U535VCT6Q, STM32U535VEI6, STM32U535VEI6Q, STM32U535VET6, STM32U535VET6Q, STM32U545CET6, STM32U545CET6Q, STM32U545CEU6, STM32U545CEU6Q, STM32U545JEY6QTR, STM32U545NEY6QTR, STM32U545REI6, STM32U545REI6Q, STM32U545RET6, STM32U545RET6Q, STM32U545VEI6, STM32U545VEI6Q, STM32U545VET6, STM32U545VET6Q, STM32U595AIH6, STM32U595AIH6Q, STM32U595AJH6, STM32U595AJH6Q, STM32U595QII6, STM32U595QII6Q, STM32U595QJI6, STM32U595QJI6Q, STM32U595RIT6, STM32U595RIT6Q, STM32U595RJT6, STM32U595RJT6Q, STM32U595VIT6, STM32U595VIT6Q, STM32U595VJT6, STM32U595VJT6Q, STM32U595ZIT6, STM32U595ZIT6Q, STM32U595ZIY6QTR, STM32U595ZJT6, STM32U595ZJT6Q, STM32U595ZJY6QTR, STM32U599BJY6QTR, STM32U599NIH6Q, STM32U599NJH6Q, STM32U599VIT6Q, STM32U599VJT6, STM32U599VJT6Q, STM32U599ZIT6Q, STM32U599ZIY6QTR, STM32U599ZJT6Q, STM32U599ZJY6QTR, STM32U5A5AJH6, STM32U5A5AJH6Q, STM32U5A5QJI6, STM32U5A5QJI6Q, STM32U5A5RJT6, STM32U5A5RJT6Q, STM32U5A5VJT6, STM32U5A5VJT6Q, STM32U5A5ZJT6, STM32U5A5ZJT6Q, STM32U5A5ZJY6QTR, STM32U5A9BJY6QTR, STM32U5A9J-DK, STM32U5A9NJH6Q, STM32U5A9VJT6Q, STM32U5A9ZJT6Q, STM32U5A9ZJY6QTR, STM32WB1MMCH6, STM32WBA52CEU6, STM32WBA52CEU6T, STM32WBA52CGU6, STM32WBA52CGU6T, STM32WL5MOCH6, STM32WL5MOCH6TR]
2024-02-06 19:16:36,229 [INFO] BoardInfo:880 - No configuration file found for board P-NUCLEO-WB55
2024-02-06 19:16:36,230 [INFO] DbBoards:157 - Kit is not supported: P-NUCLEO-WB55
2024-02-06 19:16:36,233 [INFO] BoardInfo:880 - No configuration file found for board STEVAL-BFA001V1B
2024-02-06 19:16:36,233 [INFO] DbBoards:157 - Kit is not supported: STEVAL-BFA001V1B
2024-02-06 19:16:36,233 [INFO] BoardInfo:880 - No configuration file found for board STEVAL-BFA001V2B
2024-02-06 19:16:36,233 [INFO] DbBoards:157 - Kit is not supported: STEVAL-BFA001V2B
2024-02-06 19:16:36,236 [INFO] BoardInfo:880 - No configuration file found for board STEVAL-MKBOXPRO
2024-02-06 19:16:36,237 [INFO] DbBoards:157 - Board is not supported: STEVAL-MKBOXPRO
2024-02-06 19:16:36,240 [INFO] BoardInfo:880 - No configuration file found for board STEVAL-SMARTAG2
2024-02-06 19:16:36,240 [INFO] DbBoards:157 - Board is not supported: STEVAL-SMARTAG2
2024-02-06 19:16:36,327 [INFO] DbBoards:161 - Found 189 boards, 184 are supported
2024-02-06 19:16:36,333 [INFO] ApiDb:423 - Load user favorites file C:\Users\Dominik/.stm32cubeide/favorites.boards.txt: 1 item(s)
2024-02-06 19:16:36,333 [INFO] ApiDb:427 - User favorites Boards=[NUCLEO-L476RG]
2024-02-06 19:16:36,333 [INFO] DbBoards:190 - Set 1 / 1 favorites Boards
2024-02-06 19:16:36,336 [INFO] ApiDb:668 - CubeFinder database Data Model version=2.1
2024-02-06 19:16:36,336 [INFO] ApiDb:669 - CubeFinder database Configuration version=3.0.39
2024-02-06 19:16:36,336 [INFO] ApiDb:670 - CubeFinder database generation date=2024-01-11 (1704964531)
2024-02-06 19:16:36,336 [INFO] ApiDb:671 - CubeFinder database FW Pack versions=[FP-ATR-ASTRA1_V2.0.0, FP-SNS-FLIGHT1_V5.0.1, FP-SNS-FLIGHT1_V5.0.2, FP-SNS-MOTENV1_V4.3.1, FP-SNS-MOTENV1_V4.3.2, FP-SNS-MOTENVWB1_V1.3.1, FP-SNS-SMARTAG2_V1.2.0, STM32Cube_FW_C0_V1.1.0, STM32Cube_FW_F4_V1.28.0, STM32Cube_FW_F7_V1.17.0, STM32Cube_FW_G0_V1.6.2, STM32Cube_FW_G4_V1.5.2, STM32Cube_FW_H5_V0.5.1, STM32Cube_FW_H5_V1.1.1, STM32Cube_FW_H5_V1.2.0RC2, STM32Cube_FW_H7_V1.11.0, STM32Cube_FW_L0_V1.12.2, STM32Cube_FW_L5_V1.5.0, STM32Cube_FW_U5_V1.3.0RC4, STM32Cube_FW_U5_V1.4.0, STM32Cube_FW_WBA_V1.0.0RC1, STM32Cube_FW_WBA_V1.1.0RC1, STM32Cube_FW_WBA_V1.2.0, STM32Cube_FW_WBA_V1.2.0RC2, STM32Cube_FW_WB_V1.15.0RC1, STM32Cube_FW_WB_V1.16.0, STM32Cube_FW_WB_V1.16.0RC2, STM32Cube_FW_WB_V1.18.0, STM32Cube_FW_WL_V1.3.0, X-CUBE-ALGOBUILD_V1.3.0, X-CUBE-ALS_V1.0.1, X-CUBE-AZRTOS-F4_V1.1.0, X-CUBE-AZRTOS-F7_V1.1.0, X-CUBE-AZRTOS-G0_V1.1.0, X-CUBE-AZRTOS-G4_V2.0.0, X-CUBE-AZRTOS-H7_V3.2.0, X-CUBE-AZRTOS-L4_V1.0.0, X-CUBE-AZRTOS-L4_V2.0.0, X-CUBE-AZRTOS-L5_V1.1.0, X-CUBE-AZRTOS-WB_V2.0.0, X-CUBE-AZRTOS-WL_V2.0.0, X-CUBE-BLE1_V7.0.0, X-CUBE-BLE2_V3.3.0, X-CUBE-BLEMGR_V3.0.0, X-CUBE-EEPRMA1_V4.1.0, X-CUBE-EEPRMA1_V4.2.0, X-CUBE-FREERTOS_V1.1.0, X-CUBE-GNSS1_V6.0.0, X-CUBE-MEMS1_V10.0.0, X-CUBE-MEMS1_V9.1.0, X-CUBE-MEMS1_V9.4.0, X-CUBE-MEMS1_V9.6.0, X-CUBE-NFC4_V3.0.0, X-CUBE-NFC7_V1.0.1, X-CUBE-SFXS2LP1_V4.0.0, X-CUBE-SUBG2_V5.0.0, X-CUBE-TOF1_V3.4.0]
2024-02-06 19:16:36,854 [ERROR] DbExamplesSqlite:418 - Missing JSON key: board_cpn
2024-02-06 19:16:36,854 [ERROR] DbExamplesSqlite:418 - Missing JSON key: board_cpn
2024-02-06 19:16:36,854 [ERROR] DbExamplesSqlite:418 - Missing JSON key: board_cpn
2024-02-06 19:16:36,854 [ERROR] DbExamplesSqlite:418 - Missing JSON key: board_cpn
2024-02-06 19:16:36,883 [INFO] DbExamplesSqlite:376 - Ignored 55 examples not supported by CubeIDE
2024-02-06 19:16:36,883 [INFO] DbExamplesSqlite:377 - Found 7560 examples active
2024-02-06 19:16:36,883 [INFO] DbExamplesSqlite:378 - Found 844 examples obsolete
2024-02-06 19:16:36,883 [INFO] DbExamplesSqlite:379 - Found 0 examples under development
2024-02-06 19:16:36,884 [INFO] DbExamplesSqlite:380 - Found 8 examples not building
2024-02-06 19:16:36,886 [INFO] DbExamples:125 - Found 7513 examples
2024-02-06 19:16:36,949 [ERROR] DbExamples:208 - Found 269 examples with invalid data (board or MCU)
2024-02-06 19:16:36,949 [INFO] DbExamples:222 - Found 92 boards with related examples
2024-02-06 19:16:36,950 [INFO] DbExamples:235 - Found 78 MCUs with related examples
2024-02-06 19:16:36,969 [INFO] ApiDb:423 - Load user favorites file C:\Users\Dominik/.stm32cubeide/favorites.examples.txt: 0 item(s)
2024-02-06 19:16:36,969 [INFO] ApiDb:427 - User favorites Examples=[]
2024-02-06 19:16:36,969 [INFO] DbExamples:250 - Set 0 / 0 favorites Examples
2024-02-06 19:16:37,245 [INFO] McuFinderGlobals:66 - Set McuFinderConnectedMode to true
2024-02-06 19:16:37,253 [INFO] MultiScanPanel:200 - Auto-refresh data requested => check proxy status ongoing
2024-02-06 19:16:37,256 [INFO] FinderPluginLoader:95 - Searching for filters in installed packs
2024-02-06 19:16:38,231 [INFO] LoadUrlFilesThread:185 - End of LoadServerUrlFiles without Thread
2024-02-06 19:16:38,242 [INFO] DetailPanel:341 - Set advertising image to C:/Users/Dominik/STM32Cube/Repository/\en.prom-stm32wl3-mcu-finder.jpg
2024-02-06 19:19:03,543 [INFO] MainUpdater:2854 - connection check result : 10
2024-02-06 19:19:03,543 [INFO] MainUpdater:2854 - connection check result : 10
2024-02-06 19:19:03,564 [INFO] MicroXplorer:468 - Change Database Path : 
2024-02-06 19:19:03,564 [INFO] MicroXplorer:498 - Change Database Version : DB.6.0.81
2024-02-06 19:19:03,566 [WARN] ThirdParty:871 - waiting for thirdparty lock release [close project]
2024-02-06 19:19:03,566 [INFO] ThirdParty:873 - entering critical section [close project]
2024-02-06 19:19:03,566 [INFO] ThirdParty:883 - exiting critical section [close project]
2024-02-06 19:19:03,568 [INFO] PinOutPanel:1499 - setPackage(No Configuration,No Configuration)
2024-02-06 19:19:03,572 [INFO] UtilMem:75 - Begin LoadConfig() Used Memory: 653604824 Bytes (714080256)
2024-02-06 19:19:03,573 [INFO] MicroXplorer:468 - Change Database Path : 
2024-02-06 19:19:03,573 [INFO] MicroXplorer:498 - Change Database Version : DB.6.0.81
2024-02-06 19:19:03,573 [INFO] OpenFileManager:308 - Change cursor
2024-02-06 19:19:03,600 [INFO] Mcu:1937 - Initializing MCU STM32L476R(C-E-G)Tx STM32L476RGTx STM32L476RGT3
2024-02-06 19:19:05,362 [INFO] Context:659 - Trying to add GPIOservice into a context  which must be forbidden
2024-02-06 19:19:06,026 [INFO] RtosManager:555 - Registered RTOS mode: class=CMSIS, group=RTOS, mode=CMSIS_V1, owner=FREERTOS
2024-02-06 19:19:06,026 [INFO] RtosManager:555 - Registered RTOS mode: class=CMSIS, group=RTOS2, mode=CMSIS_V2, owner=FREERTOS
2024-02-06 19:19:06,026 [INFO] RtosManager:555 - Registered RTOS mode: class=RTOS, group=Core, mode=CMSIS_V1, owner=FREERTOS
2024-02-06 19:19:06,026 [INFO] RtosManager:555 - Registered RTOS mode: class=RTOS, group=Core, mode=CMSIS_V2, owner=FREERTOS
2024-02-06 19:19:06,026 [WARN] ModelIntegratedComponent:184 - Missing modes for component STMicroelectronics:FreeRTOS:0.0.1:STMicroelectronics:RTOS:FreeRTOS:Core:::10.2.0:
2024-02-06 19:19:06,045 [WARN] ModelIntegratedComponent:63 - No mode defined for component null
2024-02-06 19:19:06,045 [WARN] ModelIntegratedComponent:63 - No mode defined for component null
2024-02-06 19:19:06,046 [WARN] ModelIntegratedComponent:63 - No mode defined for component null
2024-02-06 19:19:06,046 [WARN] ModelIntegratedComponent:63 - No mode defined for component null
2024-02-06 19:19:06,046 [WARN] ModelIntegratedComponent:63 - No mode defined for component null
2024-02-06 19:19:06,046 [WARN] ModelIntegratedComponent:63 - No mode defined for component null
2024-02-06 19:19:06,046 [WARN] ModelIntegratedComponent:63 - No mode defined for component null
2024-02-06 19:19:06,046 [WARN] ModelIntegratedComponent:63 - No mode defined for component null
2024-02-06 19:19:06,046 [WARN] ModelIntegratedComponent:63 - No mode defined for component null
2024-02-06 19:19:06,046 [WARN] ModelIntegratedComponent:63 - No mode defined for component null
2024-02-06 19:19:06,046 [WARN] ModelIntegratedComponent:63 - No mode defined for component null
2024-02-06 19:19:06,046 [WARN] ModelIntegratedComponent:63 - No mode defined for component null
2024-02-06 19:19:06,046 [WARN] ModelIntegratedComponent:63 - No mode defined for component null
2024-02-06 19:19:06,046 [WARN] ModelIntegratedComponent:63 - No mode defined for component null
2024-02-06 19:19:06,046 [WARN] ModelIntegratedComponent:63 - No mode defined for component null
2024-02-06 19:19:06,046 [WARN] ModelIntegratedComponent:63 - No mode defined for component null
2024-02-06 19:19:06,046 [WARN] ModelIntegratedComponent:63 - No mode defined for component null
2024-02-06 19:19:06,046 [WARN] ModelIntegratedComponent:63 - No mode defined for component null
2024-02-06 19:19:06,046 [WARN] ModelIntegratedComponent:63 - No mode defined for component null
2024-02-06 19:19:06,046 [WARN] ModelIntegratedComponent:63 - No mode defined for component null
2024-02-06 19:19:06,046 [WARN] ModelIntegratedComponent:63 - No mode defined for component null
2024-02-06 19:19:06,047 [WARN] ModelIntegratedComponent:63 - No mode defined for component null
2024-02-06 19:19:06,047 [WARN] ModelIntegratedComponent:63 - No mode defined for component null
2024-02-06 19:19:06,047 [WARN] ModelIntegratedComponent:63 - No mode defined for component null
2024-02-06 19:19:06,047 [WARN] ModelIntegratedComponent:63 - No mode defined for component null
2024-02-06 19:19:06,047 [WARN] ModelIntegratedComponent:63 - No mode defined for component null
2024-02-06 19:19:06,047 [WARN] ModelIntegratedComponent:63 - No mode defined for component null
2024-02-06 19:19:06,047 [WARN] ModelIntegratedComponent:63 - No mode defined for component null
2024-02-06 19:19:06,047 [WARN] ModelIntegratedComponent:63 - No mode defined for component null
2024-02-06 19:19:06,047 [WARN] ModelIntegratedComponent:63 - No mode defined for component null
2024-02-06 19:19:06,048 [WARN] ModelIntegratedComponent:63 - No mode defined for component null
2024-02-06 19:19:06,048 [WARN] ModelIntegratedComponent:63 - No mode defined for component null
2024-02-06 19:19:06,048 [WARN] ModelIntegratedComponent:63 - No mode defined for component null
2024-02-06 19:19:06,143 [INFO] ThirdPartyModel:298 - Start build external matchings
2024-02-06 19:19:06,506 [INFO] ThirdPartyModel:316 - End build external matchings
2024-02-06 19:19:06,793 [INFO] UtilMem:75 - End LoadConfig() Used Memory: 633618656 Bytes (747634688)
2024-02-06 19:19:06,881 [WARN] ThirdParty:833 - waiting for thirdparty lock release [change project]
2024-02-06 19:19:06,881 [INFO] ThirdParty:835 - entering critical section [change project]
2024-02-06 19:19:06,882 [INFO] ThirdParty:1030 - CMSIS Pack Vendor :STMicroelectronics X-CUBE-ISPU 1.1.0
2024-02-06 19:19:06,882 [INFO] ThirdParty:1030 - CMSIS Pack Vendor :STMicroelectronics X-CUBE-GNSS1 6.0.0
2024-02-06 19:19:06,882 [INFO] ThirdParty:1030 - CMSIS Pack Vendor :STMicroelectronics USB_HOST 2.0.0
2024-02-06 19:19:06,882 [INFO] ThirdParty:1030 - CMSIS Pack Vendor :STMicroelectronics X-CUBE-AZRTOS-F4 1.1.0
2024-02-06 19:19:06,882 [INFO] ThirdParty:1030 - CMSIS Pack Vendor :STMicroelectronics LIBJPEG 8.0.0
2024-02-06 19:19:06,882 [INFO] ThirdParty:1030 - CMSIS Pack Vendor :wolfSSL I-CUBE-wolfSSL 5.6.3
2024-02-06 19:19:06,882 [INFO] ThirdParty:1030 - CMSIS Pack Vendor :STMicroelectronics X-CUBE-SMBUS 2.1.0
2024-02-06 19:19:06,882 [INFO] ThirdParty:1030 - CMSIS Pack Vendor :STMicroelectronics USB_DEVICE 3.0.0
2024-02-06 19:19:06,882 [INFO] ThirdParty:1030 - CMSIS Pack Vendor :STMicroelectronics X-CUBE-AZRTOS-WB 2.0.0
2024-02-06 19:19:06,882 [INFO] ThirdParty:1030 - CMSIS Pack Vendor :STMicroelectronics X-CUBE-TOUCHGFX 4.23.0
2024-02-06 19:19:06,882 [INFO] ThirdParty:1030 - CMSIS Pack Vendor :STMicroelectronics X-CUBE-AZRTOS-F7 1.1.0
2024-02-06 19:19:06,882 [INFO] ThirdParty:1030 - CMSIS Pack Vendor :STMicroelectronics X-CUBE-AZRTOS-L5 2.0.0
2024-02-06 19:19:06,882 [INFO] ThirdParty:1030 - CMSIS Pack Vendor :STMicroelectronics USB_DEVICE 2.0.0
2024-02-06 19:19:06,882 [INFO] ThirdParty:1030 - CMSIS Pack Vendor :STMicroelectronics X-CUBE-EEPRMA1 4.2.0
2024-02-06 19:19:06,882 [INFO] ThirdParty:1030 - CMSIS Pack Vendor :ITTIA_DB I-CUBE-ITTIADB 8.8.0
2024-02-06 19:19:06,882 [INFO] ThirdParty:1030 - CMSIS Pack Vendor :STMicroelectronics FP-SNS-MOTENV1 4.3.2
2024-02-06 19:19:06,882 [INFO] ThirdParty:1030 - CMSIS Pack Vendor :STMicroelectronics X-CUBE-ALGOBUILD 1.3.0
2024-02-06 19:19:06,882 [INFO] ThirdParty:1030 - CMSIS Pack Vendor :STMicroelectronics FreeRTOS 0.0.1
2024-02-06 19:19:06,882 [INFO] ThirdParty:1030 - CMSIS Pack Vendor :STMicroelectronics X-CUBE-AZRTOS-G0 1.1.0
2024-02-06 19:19:06,882 [INFO] ThirdParty:1030 - CMSIS Pack Vendor :STMicroelectronics X-CUBE-BLEMGR 2.0.0
2024-02-06 19:19:06,882 [INFO] ThirdParty:1030 - CMSIS Pack Vendor :STMicroelectronics X-CUBE-NFC4 3.0.0
2024-02-06 19:19:06,882 [INFO] ThirdParty:1030 - CMSIS Pack Vendor :STMicroelectronics X-CUBE-SUBG2 5.0.0
2024-02-06 19:19:06,882 [INFO] ThirdParty:1030 - CMSIS Pack Vendor :STMicroelectronics STM32_WPAN 1.0.0
2024-02-06 19:19:06,882 [INFO] ThirdParty:1030 - CMSIS Pack Vendor :STMicroelectronics lwIP 2.0.3
2024-02-06 19:19:06,882 [INFO] ThirdParty:1030 - CMSIS Pack Vendor :STMicroelectronics FP-SNS-FLIGHT1 5.0.2
2024-02-06 19:19:06,882 [INFO] ThirdParty:1030 - CMSIS Pack Vendor :STMicroelectronics USB_HOST 1.0.0
2024-02-06 19:19:06,882 [INFO] ThirdParty:1030 - CMSIS Pack Vendor :STMicroelectronics X-CUBE-TOF1 3.3.1
2024-02-06 19:19:06,882 [INFO] ThirdParty:1030 - CMSIS Pack Vendor :STMicroelectronics X-CUBE-AZRTOS-G4 2.0.0
2024-02-06 19:19:06,882 [INFO] ThirdParty:1030 - CMSIS Pack Vendor :STMicroelectronics PDM2PCM 3.1.0
2024-02-06 19:19:06,882 [INFO] ThirdParty:1030 - CMSIS Pack Vendor :STMicroelectronics X-CUBE-AZRTOS-H7 3.1.0
2024-02-06 19:19:06,882 [INFO] ThirdParty:1030 - CMSIS Pack Vendor :Infineon AIROC-Wi-Fi-Bluetooth-STM32 1.5.1
2024-02-06 19:19:06,883 [INFO] ThirdParty:1030 - CMSIS Pack Vendor :STMicroelectronics X-CUBE-BLEMGR 3.0.0
2024-02-06 19:19:06,883 [INFO] ThirdParty:1030 - CMSIS Pack Vendor :STMicroelectronics PDM2PCM 3.3.0
2024-02-06 19:19:06,883 [INFO] ThirdParty:1030 - CMSIS Pack Vendor :STMicroelectronics X-CUBE-DISPLAY 3.0.0
2024-02-06 19:19:06,883 [INFO] ThirdParty:1030 - CMSIS Pack Vendor :STMicroelectronics FP-SNS-MOTENVWB1 1.3.1
2024-02-06 19:19:06,883 [INFO] ThirdParty:1030 - CMSIS Pack Vendor :STMicroelectronics X-CUBE-BLE1 7.0.0
2024-02-06 19:19:06,883 [INFO] ThirdParty:1030 - CMSIS Pack Vendor :STMicroelectronics FP-ATR-SIGFOX1 3.2.0
2024-02-06 19:19:06,883 [INFO] ThirdParty:1030 - CMSIS Pack Vendor :STMicroelectronics X-CUBE-ISPU 2.0.0
2024-02-06 19:19:06,883 [INFO] ThirdParty:1030 - CMSIS Pack Vendor :STMicroelectronics X-CUBE-EEPRMA1 5.1.0
2024-02-06 19:19:06,883 [INFO] ThirdParty:1030 - CMSIS Pack Vendor :STMicroelectronics HAL Drivers 0.0.0
2024-02-06 19:19:06,883 [INFO] ThirdParty:1030 - CMSIS Pack Vendor :STMicroelectronics MBEDTLS 2.16.2
2024-02-06 19:19:06,883 [INFO] ThirdParty:1030 - CMSIS Pack Vendor :emotas I-CUBE-CANOPEN 1.3.0
2024-02-06 19:19:06,883 [INFO] ThirdParty:1030 - CMSIS Pack Vendor :STMicroelectronics X-CUBE-MEMS1 10.0.0
2024-02-06 19:19:06,883 [INFO] ThirdParty:1030 - CMSIS Pack Vendor :STMicroelectronics X-CUBE-FREERTOS 1.1.0
2024-02-06 19:19:06,883 [INFO] ThirdParty:1030 - CMSIS Pack Vendor :STMicroelectronics X-CUBE-NFC7 1.0.1
2024-02-06 19:19:06,883 [INFO] ThirdParty:1030 - CMSIS Pack Vendor :STMicroelectronics MBEDTLS 2.14.1
2024-02-06 19:19:06,883 [INFO] ThirdParty:1030 - CMSIS Pack Vendor :STMicroelectronics X-CUBE-TOUCHGFX 4.22.1
2024-02-06 19:19:06,883 [INFO] ThirdParty:1030 - CMSIS Pack Vendor :STMicroelectronics X-CUBE-NFC6 3.0.0
2024-02-06 19:19:06,883 [INFO] ThirdParty:1030 - CMSIS Pack Vendor :portGmbH I-Cube-SoM-uGOAL 1.1.0
2024-02-06 19:19:06,883 [INFO] ThirdParty:1030 - CMSIS Pack Vendor :STMicroelectronics X-CUBE-ALS 1.0.1
2024-02-06 19:19:06,883 [INFO] ThirdParty:1030 - CMSIS Pack Vendor :STMicroelectronics ThreadX 1.0.0
2024-02-06 19:19:06,883 [INFO] ThirdParty:1030 - CMSIS Pack Vendor :STMicroelectronics FP-SNS-SMARTAG2 1.2.0
2024-02-06 19:19:06,883 [INFO] ThirdParty:1030 - CMSIS Pack Vendor :STMicroelectronics X-CUBE-AZRTOS-WL 2.0.0
2024-02-06 19:19:06,883 [INFO] ThirdParty:1030 - CMSIS Pack Vendor :SEGGER I-CUBE-embOS 1.3.1
2024-02-06 19:19:06,883 [INFO] ThirdParty:1030 - CMSIS Pack Vendor :STMicroelectronics USB_DEVICE 1.0.0
2024-02-06 19:19:06,883 [INFO] ThirdParty:1030 - CMSIS Pack Vendor :STMicroelectronics X-CUBE-AI 8.1.0
2024-02-06 19:19:06,883 [INFO] ThirdParty:1030 - CMSIS Pack Vendor :STMicroelectronics X-CUBE-AZRTOS-L4 2.0.0
2024-02-06 19:19:06,883 [INFO] ThirdParty:1030 - CMSIS Pack Vendor :STMicroelectronics ThreadX 0.0.2
2024-02-06 19:19:06,883 [INFO] ThirdParty:1030 - CMSIS Pack Vendor :WES I-CUBE-Cesium 1.3.0
2024-02-06 19:19:06,883 [INFO] ThirdParty:1030 - CMSIS Pack Vendor :STMicroelectronics FP-ATR-ASTRA1 2.0.0
2024-02-06 19:19:06,883 [INFO] ThirdParty:1030 - CMSIS Pack Vendor :STMicroelectronics lwIP 2.1.2
2024-02-06 19:19:06,883 [INFO] ThirdParty:1030 - CMSIS Pack Vendor :STMicroelectronics X-CUBE-SFXS2LP1 4.0.0
2024-02-06 19:19:06,883 [INFO] ThirdParty:1030 - CMSIS Pack Vendor :STMicroelectronics X-CUBE-BLE2 3.3.0
2024-02-06 19:19:06,883 [INFO] ThirdParty:1030 - CMSIS Pack Vendor :STMicroelectronics X-CUBE-TOF1 3.4.0
2024-02-06 19:19:06,883 [INFO] ThirdParty:1030 - CMSIS Pack Vendor :STMicroelectronics X-CUBE-AZRTOS-H7 3.2.0
2024-02-06 19:19:06,883 [INFO] ThirdParty:1030 - CMSIS Pack Vendor :STMicroelectronics PDM2PCM 3.2.0
2024-02-06 19:19:06,884 [INFO] ThirdParty:841 - exiting critical section [change project]
2024-02-06 19:19:07,273 [INFO] PinOutPanel:1499 - setPackage(No Configuration,No Configuration)
2024-02-06 19:19:07,274 [INFO] PinOutPanel:1499 - setPackage(STM32L476RGTx,LQFP64)
2024-02-06 19:19:07,933 [INFO] UtilMem:75 - Before build in PCC Used Memory: 646164384 Bytes (747634688)
2024-02-06 19:19:08,765 [INFO] UtilMem:75 - After build in PCC Used Memory: 661291632 Bytes (747634688)
2024-02-06 19:19:08,827 [INFO] IPUIPlugin:80 - create IPUIPlugin
2024-02-06 19:19:08,827 [INFO] IPUIPlugin:80 - create IPUIPlugin
2024-02-06 19:19:08,827 [INFO] IPUIPlugin:80 - create IPUIPlugin
2024-02-06 19:19:08,827 [INFO] IPUIPlugin:80 - create IPUIPlugin
2024-02-06 19:19:08,828 [INFO] IPUIPlugin:80 - create IPUIPlugin
2024-02-06 19:19:08,828 [INFO] IPUIPlugin:80 - create IPUIPlugin
2024-02-06 19:19:08,828 [INFO] IPUIPlugin:80 - create IPUIPlugin
2024-02-06 19:19:08,828 [INFO] IPUIPlugin:80 - create IPUIPlugin
2024-02-06 19:19:08,828 [INFO] IPUIPlugin:80 - create IPUIPlugin
2024-02-06 19:19:08,829 [INFO] IPUIPlugin:80 - create IPUIPlugin
2024-02-06 19:19:08,829 [INFO] IPUIPlugin:80 - create IPUIPlugin
2024-02-06 19:19:08,829 [INFO] IPUIPlugin:80 - create IPUIPlugin
2024-02-06 19:19:08,829 [INFO] IPUIPlugin:80 - create IPUIPlugin
2024-02-06 19:19:08,829 [INFO] IPUIPlugin:80 - create IPUIPlugin
2024-02-06 19:19:08,829 [INFO] IPUIPlugin:80 - create IPUIPlugin
2024-02-06 19:19:08,829 [INFO] IPUIPlugin:80 - create IPUIPlugin
2024-02-06 19:19:08,830 [INFO] IPUIPlugin:80 - create IPUIPlugin
2024-02-06 19:19:08,830 [INFO] IPUIPlugin:80 - create IPUIPlugin
2024-02-06 19:19:08,830 [INFO] IPUIPlugin:80 - create IPUIPlugin
2024-02-06 19:19:08,830 [INFO] IPUIPlugin:80 - create IPUIPlugin
2024-02-06 19:19:08,831 [INFO] IPUIPlugin:80 - create IPUIPlugin
2024-02-06 19:19:08,831 [INFO] IPUIPlugin:80 - create IPUIPlugin
2024-02-06 19:19:08,832 [INFO] IPUIPlugin:80 - create IPUIPlugin
2024-02-06 19:19:08,832 [INFO] IPUIPlugin:80 - create IPUIPlugin
2024-02-06 19:19:08,832 [INFO] IPUIPlugin:80 - create IPUIPlugin
2024-02-06 19:19:08,832 [INFO] IPUIPlugin:80 - create IPUIPlugin
2024-02-06 19:19:08,833 [INFO] IPUIPlugin:80 - create IPUIPlugin
2024-02-06 19:19:08,833 [INFO] IPUIPlugin:80 - create IPUIPlugin
2024-02-06 19:19:08,833 [INFO] IPUIPlugin:80 - create IPUIPlugin
2024-02-06 19:19:08,833 [INFO] IPUIPlugin:80 - create IPUIPlugin
2024-02-06 19:19:08,833 [INFO] IPUIPlugin:80 - create IPUIPlugin
2024-02-06 19:19:08,835 [INFO] IPUIPlugin:80 - create IPUIPlugin
2024-02-06 19:19:08,835 [INFO] IPUIPlugin:80 - create IPUIPlugin
2024-02-06 19:19:08,836 [INFO] IPUIPlugin:80 - create IPUIPlugin
2024-02-06 19:19:08,836 [INFO] IPUIPlugin:80 - create IPUIPlugin
2024-02-06 19:19:08,836 [INFO] IPUIPlugin:80 - create IPUIPlugin
2024-02-06 19:19:08,836 [INFO] IPUIPlugin:80 - create IPUIPlugin
2024-02-06 19:19:08,837 [INFO] IPUIPlugin:80 - create IPUIPlugin
2024-02-06 19:19:08,837 [INFO] IPUIPlugin:80 - create IPUIPlugin
2024-02-06 19:19:08,837 [INFO] IPUIPlugin:80 - create IPUIPlugin
2024-02-06 19:19:08,838 [INFO] IPUIPlugin:80 - create IPUIPlugin
2024-02-06 19:19:08,838 [INFO] IPUIPlugin:80 - create IPUIPlugin
2024-02-06 19:19:08,838 [INFO] IPUIPlugin:80 - create IPUIPlugin
2024-02-06 19:19:08,839 [INFO] IPUIPlugin:80 - create IPUIPlugin
2024-02-06 19:19:08,839 [INFO] IPUIPlugin:80 - create IPUIPlugin
2024-02-06 19:19:08,839 [INFO] IPUIPlugin:80 - create IPUIPlugin
2024-02-06 19:19:08,840 [INFO] IPUIPlugin:80 - create IPUIPlugin
2024-02-06 19:19:08,840 [INFO] IPUIPlugin:80 - create IPUIPlugin
2024-02-06 19:19:08,840 [INFO] IPUIPlugin:80 - create IPUIPlugin
2024-02-06 19:19:08,841 [INFO] IPUIPlugin:80 - create IPUIPlugin
2024-02-06 19:19:08,841 [INFO] IPUIPlugin:80 - create IPUIPlugin
2024-02-06 19:19:08,841 [INFO] IPUIPlugin:80 - create IPUIPlugin
2024-02-06 19:19:08,842 [INFO] IPUIPlugin:80 - create IPUIPlugin
2024-02-06 19:19:08,842 [INFO] IPUIPlugin:80 - create IPUIPlugin
2024-02-06 19:19:08,842 [INFO] IPUIPlugin:80 - create IPUIPlugin
2024-02-06 19:19:08,842 [INFO] IPUIPlugin:80 - create IPUIPlugin
2024-02-06 19:19:08,842 [INFO] IPUIPlugin:80 - create IPUIPlugin
2024-02-06 19:19:08,842 [INFO] IPUIPlugin:80 - create IPUIPlugin
2024-02-06 19:19:08,842 [INFO] IPUIPlugin:80 - create IPUIPlugin
2024-02-06 19:19:09,033 [INFO] CADModel:165 - CPN selected for project levelSTM32L476RGT3
2024-02-06 19:19:09,033 [INFO] CADModel:114 - Register for checkConnection events
2024-02-06 19:19:09,085 [INFO] OpenFileManager:328 - Restore cursor
2024-02-06 19:19:10,525 [INFO] UtilMem:75 - End SaveConfig() Used Memory: 614221216 Bytes (747634688)
2024-02-06 19:19:10,573 [INFO] UtilMem:75 - End SaveConfig() Used Memory: 636384512 Bytes (747634688)
2024-02-06 19:19:11,059 [INFO] BlockDiagram:2759 - set Specific Code input for plugin: SYS
2024-02-06 19:19:11,060 [INFO] BlockDiagram:2759 - set Specific Code input for plugin: RCC
2024-02-06 19:19:11,060 [INFO] BlockDiagram:2759 - set Specific Code input for plugin: NVIC
2024-02-06 19:19:11,060 [INFO] BlockDiagram:2759 - set Specific Code input for plugin: USART
2024-02-06 19:19:11,060 [INFO] BlockDiagram:2759 - set Specific Code input for plugin: GPIO
2024-02-06 19:19:11,062 [INFO] CodeGenerator:793 - code generatio: config db path: C:\Program Files\STM32CubeIDE_1.12.1\STM32CubeIDE\plugins\com.st.stm32cube.common.mx_6.8.1.202304191431\\db\
2024-02-06 19:19:11,375 [INFO] CodeEngine:255 - oldGeneratedFile, C:\Git_projects\Projects_GIT\STM32\Project_3_Timers\MXTmpFiles\license.tmp_save
2024-02-06 19:19:11,693 [INFO] CodeEngine:279 - Generated code: C:\Git_projects\Projects_GIT\STM32\Project_3_Timers\MXTmpFiles\license.tmp
2024-02-06 19:19:11,802 [INFO] CodeEngine:255 - oldGeneratedFile, C:\Git_projects\Projects_GIT\STM32\Project_3_Timers\MXTmpFiles\gpio.tmp_save
2024-02-06 19:19:11,957 [INFO] CodeEngine:279 - Generated code: C:\Git_projects\Projects_GIT\STM32\Project_3_Timers\MXTmpFiles\gpio.tmp
2024-02-06 19:19:12,129 [INFO] CodeEngine:255 - oldGeneratedFile, C:\Git_projects\Projects_GIT\STM32\Project_3_Timers\Core\Src\stm32l4xx_it.c_save
2024-02-06 19:19:12,324 [INFO] CodeEngine:279 - Generated code: C:\Git_projects\Projects_GIT\STM32\Project_3_Timers\Core\Src\stm32l4xx_it.c
2024-02-06 19:19:12,338 [INFO] CodeEngine:255 - oldGeneratedFile, C:\Git_projects\Projects_GIT\STM32\Project_3_Timers\Core\Inc\stm32l4xx_it.h_save
2024-02-06 19:19:12,432 [INFO] CodeEngine:279 - Generated code: C:\Git_projects\Projects_GIT\STM32\Project_3_Timers\Core\Inc\stm32l4xx_it.h
2024-02-06 19:19:12,451 [INFO] CodeEngine:255 - oldGeneratedFile, C:\Git_projects\Projects_GIT\STM32\Project_3_Timers\Core\Src\stm32l4xx_hal_msp.c_save
2024-02-06 19:19:12,581 [INFO] CodeEngine:279 - Generated code: C:\Git_projects\Projects_GIT\STM32\Project_3_Timers\Core\Src\stm32l4xx_hal_msp.c
2024-02-06 19:19:12,593 [INFO] CodeEngine:255 - oldGeneratedFile, C:\Git_projects\Projects_GIT\STM32\Project_3_Timers\MXTmpFiles\system.tmp_save
2024-02-06 19:19:12,653 [INFO] CodeEngine:279 - Generated code: C:\Git_projects\Projects_GIT\STM32\Project_3_Timers\MXTmpFiles\system.tmp
2024-02-06 19:19:12,668 [INFO] CodeEngine:311 - oldGeneratedFile, C:\Git_projects\Projects_GIT\STM32\Project_3_Timers\Core\Inc\stm32l4xx_hal_conf.h_save
2024-02-06 19:19:12,743 [INFO] CodeEngine:335 - Generated code: C:\Git_projects\Projects_GIT\STM32\Project_3_Timers\Core\Inc\stm32l4xx_hal_conf.h
2024-02-06 19:19:12,778 [INFO] CodeEngine:255 - oldGeneratedFile, C:\Git_projects\Projects_GIT\STM32\Project_3_Timers\Core\Inc\main.h_save
2024-02-06 19:19:12,875 [INFO] CodeEngine:279 - Generated code: C:\Git_projects\Projects_GIT\STM32\Project_3_Timers\Core\Inc\main.h
2024-02-06 19:19:12,884 [INFO] CodeEngine:255 - oldGeneratedFile, C:\Git_projects\Projects_GIT\STM32\Project_3_Timers\Core\Src\main.c_save
2024-02-06 19:19:12,991 [INFO] CodeEngine:279 - Generated code: C:\Git_projects\Projects_GIT\STM32\Project_3_Timers\Core\Src\main.c
2024-02-06 19:19:13,600 [INFO] ProjectBuilder:2996 - Time for Copy HAL[1] : 157mS.
2024-02-06 19:19:13,611 [INFO] ProjectBuilder:4304 - Project Generator version: 3.19.2
2024-02-06 19:19:13,847 [INFO] ConfigFileManager:1483 - The Die is : DIE415
2024-02-06 19:19:13,864 [INFO] ApiDbMcu:507 - Load IP Config File for FATFS
2024-02-06 19:19:13,874 [INFO] ApiDbMcu:507 - Load IP Config File for FREERTOS
2024-02-06 19:19:13,891 [INFO] ApiDbMcu:507 - Load IP Config File for TOUCHSENSING
2024-02-06 19:19:13,902 [INFO] ApiDbMcu:507 - Load IP Config File for USB_DEVICE
2024-02-06 19:19:13,914 [INFO] ApiDbMcu:507 - Load IP Config File for USB_HOST
2024-02-06 19:19:14,913 [INFO] LogOutputStream:77 - [STDOUT_REDIRECT] 
2024-02-06 19:19:18,013 [INFO] ProjectBuilder:4505 - Time for Generating toolchain IDE Files: 4404mS.
2024-02-06 19:19:18,014 [INFO] ProjectBuilder:2867 - Time for Copy CMSIS : 1mS.
2024-02-06 19:19:18,016 [INFO] ProjectBuilder:2867 - Time for Copy CMSIS : 0mS.
2024-02-06 19:19:18,785 [INFO] McuFinderGlobals:66 - Set McuFinderConnectedMode to true
2024-02-06 19:19:19,102 [INFO] ApiDb:448 - Save user favorites file C:\Users\Dominik/.stm32cubeide/favorites.mcus.txt: 0 item(s)
2024-02-06 19:19:19,102 [INFO] ApiDb:452 - User favorites MCUs=[]
2024-02-06 22:56:51,245 [INFO] NvicIntPanel:101 - NVIC parent = com.st.microxplorer.plugins.ip.nvic.MultiNvicIntPanel[,0,0,0x0,invalid,layout=javax.swing.BoxLayout,alignmentX=0.0,alignmentY=0.0,border=,flags=9,maximumSize=,minimumSize=,preferredSize=]
2024-02-06 23:07:20,743 [INFO] NvicIntPanel:101 - NVIC parent = com.st.microxplorer.plugins.ip.nvic.MultiNvicIntPanel[,0,0,666x345,layout=javax.swing.BoxLayout,alignmentX=0.0,alignmentY=0.0,border=,flags=9,maximumSize=,minimumSize=,preferredSize=]
2024-02-06 23:07:22,906 [INFO] NvicIntPanel:101 - NVIC parent = com.st.microxplorer.plugins.ip.nvic.MultiNvicIntPanel[,0,0,0x0,invalid,layout=javax.swing.BoxLayout,alignmentX=0.0,alignmentY=0.0,border=,flags=9,maximumSize=,minimumSize=,preferredSize=]
2024-02-06 23:09:27,268 [INFO] UtilMem:75 - End SaveConfig() Used Memory: 357192424 Bytes (702545920)
2024-02-06 23:09:28,663 [INFO] UtilMem:75 - End SaveConfig() Used Memory: 387078888 Bytes (702545920)
2024-02-06 23:09:30,701 [INFO] UtilMem:75 - End SaveConfig() Used Memory: 435313384 Bytes (702545920)
2024-02-06 23:09:30,873 [INFO] BlockDiagram:2759 - set Specific Code input for plugin: TIM6_7L4
2024-02-06 23:09:30,873 [INFO] BlockDiagram:2759 - set Specific Code input for plugin: SYS
2024-02-06 23:09:30,873 [INFO] BlockDiagram:2759 - set Specific Code input for plugin: RCC
2024-02-06 23:09:30,873 [INFO] BlockDiagram:2759 - set Specific Code input for plugin: NVIC
2024-02-06 23:09:30,873 [INFO] BlockDiagram:2759 - set Specific Code input for plugin: USART
2024-02-06 23:09:30,874 [INFO] BlockDiagram:2759 - set Specific Code input for plugin: GPIO
2024-02-06 23:09:30,875 [INFO] CodeGenerator:793 - code generatio: config db path: C:\Program Files\STM32CubeIDE_1.12.1\STM32CubeIDE\plugins\com.st.stm32cube.common.mx_6.8.1.202304191431\\db\
2024-02-06 23:09:31,053 [INFO] CodeEngine:255 - oldGeneratedFile, C:\Git_projects\Projects_GIT\STM32\Project_3_Timers\MXTmpFiles\license.tmp_save
2024-02-06 23:09:31,176 [INFO] CodeEngine:279 - Generated code: C:\Git_projects\Projects_GIT\STM32\Project_3_Timers\MXTmpFiles\license.tmp
2024-02-06 23:09:31,198 [INFO] CodeEngine:255 - oldGeneratedFile, C:\Git_projects\Projects_GIT\STM32\Project_3_Timers\MXTmpFiles\gpio.tmp_save
2024-02-06 23:09:31,285 [INFO] CodeEngine:279 - Generated code: C:\Git_projects\Projects_GIT\STM32\Project_3_Timers\MXTmpFiles\gpio.tmp
2024-02-06 23:09:31,395 [INFO] CodeEngine:255 - oldGeneratedFile, C:\Git_projects\Projects_GIT\STM32\Project_3_Timers\Core\Src\stm32l4xx_it.c_save
2024-02-06 23:09:31,542 [INFO] CodeEngine:279 - Generated code: C:\Git_projects\Projects_GIT\STM32\Project_3_Timers\Core\Src\stm32l4xx_it.c
2024-02-06 23:09:31,552 [INFO] CodeEngine:255 - oldGeneratedFile, C:\Git_projects\Projects_GIT\STM32\Project_3_Timers\Core\Inc\stm32l4xx_it.h_save
2024-02-06 23:09:31,615 [INFO] CodeEngine:279 - Generated code: C:\Git_projects\Projects_GIT\STM32\Project_3_Timers\Core\Inc\stm32l4xx_it.h
2024-02-06 23:09:31,628 [INFO] CodeEngine:255 - oldGeneratedFile, C:\Git_projects\Projects_GIT\STM32\Project_3_Timers\Core\Src\stm32l4xx_hal_msp.c_save
2024-02-06 23:09:31,746 [INFO] CodeEngine:279 - Generated code: C:\Git_projects\Projects_GIT\STM32\Project_3_Timers\Core\Src\stm32l4xx_hal_msp.c
2024-02-06 23:09:31,751 [INFO] CodeEngine:255 - oldGeneratedFile, C:\Git_projects\Projects_GIT\STM32\Project_3_Timers\MXTmpFiles\system.tmp_save
2024-02-06 23:09:31,801 [INFO] CodeEngine:279 - Generated code: C:\Git_projects\Projects_GIT\STM32\Project_3_Timers\MXTmpFiles\system.tmp
2024-02-06 23:09:31,811 [INFO] CodeEngine:311 - oldGeneratedFile, C:\Git_projects\Projects_GIT\STM32\Project_3_Timers\Core\Inc\stm32l4xx_hal_conf.h_save
2024-02-06 23:09:31,884 [INFO] CodeEngine:335 - Generated code: C:\Git_projects\Projects_GIT\STM32\Project_3_Timers\Core\Inc\stm32l4xx_hal_conf.h
2024-02-06 23:09:31,904 [WARN] IPConfigManager:3431 - IP not found : TIM
2024-02-06 23:09:31,904 [WARN] CodeGenerator:3754 - IP not found : null
2024-02-06 23:09:31,913 [INFO] CodeEngine:255 - oldGeneratedFile, C:\Git_projects\Projects_GIT\STM32\Project_3_Timers\Core\Inc\main.h_save
2024-02-06 23:09:31,978 [INFO] CodeEngine:279 - Generated code: C:\Git_projects\Projects_GIT\STM32\Project_3_Timers\Core\Inc\main.h
2024-02-06 23:09:31,989 [INFO] CodeEngine:255 - oldGeneratedFile, C:\Git_projects\Projects_GIT\STM32\Project_3_Timers\Core\Src\main.c_save
2024-02-06 23:09:32,066 [INFO] CodeEngine:279 - Generated code: C:\Git_projects\Projects_GIT\STM32\Project_3_Timers\Core\Src\main.c
2024-02-06 23:09:32,451 [INFO] ProjectBuilder:2996 - Time for Copy HAL[1] : 122mS.
2024-02-06 23:09:32,454 [INFO] ProjectBuilder:4304 - Project Generator version: 3.19.2
2024-02-06 23:09:32,590 [INFO] ConfigFileManager:1483 - The Die is : DIE415
2024-02-06 23:09:33,719 [INFO] ProjectBuilder:4505 - Time for Generating toolchain IDE Files: 1265mS.
2024-02-06 23:09:33,719 [INFO] ProjectBuilder:2867 - Time for Copy CMSIS : 0mS.
2024-02-06 23:09:33,721 [INFO] ProjectBuilder:2867 - Time for Copy CMSIS : 1mS.
