2024-01-28 10:42:58,429 [INFO] MainUpdater:2854 - connection check result : 10
2024-01-28 10:42:58,549 [INFO] McuFinderGlobals:66 - Set McuFinderConnectedMode to true
2024-01-28 10:42:58,552 [INFO] MultiScanPanel:200 - Auto-refresh data requested => check proxy status ongoing
2024-01-28 10:42:58,553 [INFO] FinderPluginLoader:95 - Searching for filters in installed packs
2024-01-28 10:42:59,202 [INFO] LoadUrlFilesThread:185 - End of LoadServerUrlFiles without Thread
2024-01-28 10:42:59,203 [INFO] DetailPanel:341 - Set advertising image to C:/Users/Dominik/STM32Cube/Repository/\en.prom-stm32wl3-mcu-finder.jpg
2024-01-28 10:43:02,428 [INFO] McuFinderGlobals:66 - Set McuFinderConnectedMode to true
2024-01-28 10:43:02,848 [INFO] ApiDb:448 - Save user favorites file C:\Users\Dominik/.stm32cubeide/favorites.mcus.txt: 0 item(s)
2024-01-28 10:43:02,848 [INFO] ApiDb:452 - User favorites MCUs=[]
2024-01-28 10:43:17,962 [INFO] MainUpdater:2854 - connection check result : 10
2024-01-28 10:43:18,025 [INFO] McuFinderGlobals:66 - Set McuFinderConnectedMode to true
2024-01-28 10:43:18,025 [INFO] MultiScanPanel:200 - Auto-refresh data requested => check proxy status ongoing
2024-01-28 10:43:18,025 [INFO] FinderPluginLoader:95 - Searching for filters in installed packs
2024-01-28 10:43:18,257 [INFO] LoadUrlFilesThread:185 - End of LoadServerUrlFiles without Thread
2024-01-28 10:43:18,257 [INFO] DetailPanel:341 - Set advertising image to C:/Users/Dominik/STM32Cube/Repository/\en.prom-stm32wl3-mcu-finder.jpg
2024-01-28 10:44:19,043 [INFO] MainUpdater:2854 - connection check result : 10
2024-01-28 10:44:19,043 [INFO] MainUpdater:2854 - connection check result : 10
2024-01-28 10:44:19,416 [INFO] MicroXplorer:468 - Change Database Path : 
2024-01-28 10:44:19,416 [INFO] MicroXplorer:498 - Change Database Version : DB.6.0.81
2024-01-28 10:44:19,445 [WARN] ThirdParty:871 - waiting for thirdparty lock release [close project]
2024-01-28 10:44:19,445 [INFO] ThirdParty:873 - entering critical section [close project]
2024-01-28 10:44:19,445 [INFO] ThirdParty:883 - exiting critical section [close project]
2024-01-28 10:44:19,446 [INFO] PinOutPanel:1499 - setPackage(No Configuration,No Configuration)
2024-01-28 10:44:19,449 [INFO] UtilMem:75 - Begin LoadConfig() Used Memory: 335315896 Bytes (748683264)
2024-01-28 10:44:19,449 [INFO] MicroXplorer:468 - Change Database Path : 
2024-01-28 10:44:19,450 [INFO] MicroXplorer:498 - Change Database Version : DB.6.0.81
2024-01-28 10:44:19,450 [INFO] OpenFileManager:308 - Change cursor
2024-01-28 10:44:19,467 [INFO] RulesReader:64 - Compatibility file has been processed (293 Rules)
2024-01-28 10:44:19,477 [INFO] Mcu:1937 - Initializing MCU STM32L476R(C-E-G)Tx STM32L476RGTx STM32L476RGT3
2024-01-28 10:44:20,603 [INFO] Context:659 - Trying to add GPIOservice into a context  which must be forbidden
2024-01-28 10:44:20,820 [INFO] RtosManager:555 - Registered RTOS mode: class=CMSIS, group=RTOS, mode=CMSIS_V1, owner=FREERTOS
2024-01-28 10:44:20,820 [INFO] RtosManager:555 - Registered RTOS mode: class=CMSIS, group=RTOS2, mode=CMSIS_V2, owner=FREERTOS
2024-01-28 10:44:20,820 [INFO] RtosManager:555 - Registered RTOS mode: class=RTOS, group=Core, mode=CMSIS_V1, owner=FREERTOS
2024-01-28 10:44:20,820 [INFO] RtosManager:555 - Registered RTOS mode: class=RTOS, group=Core, mode=CMSIS_V2, owner=FREERTOS
2024-01-28 10:44:20,820 [WARN] ModelIntegratedComponent:184 - Missing modes for component STMicroelectronics:FreeRTOS:0.0.1:STMicroelectronics:RTOS:FreeRTOS:Core:::10.2.0:
2024-01-28 10:44:20,825 [WARN] ModelIntegratedComponent:63 - No mode defined for component null
2024-01-28 10:44:20,825 [WARN] ModelIntegratedComponent:63 - No mode defined for component null
2024-01-28 10:44:20,825 [WARN] ModelIntegratedComponent:63 - No mode defined for component null
2024-01-28 10:44:20,825 [WARN] ModelIntegratedComponent:63 - No mode defined for component null
2024-01-28 10:44:20,825 [WARN] ModelIntegratedComponent:63 - No mode defined for component null
2024-01-28 10:44:20,825 [WARN] ModelIntegratedComponent:63 - No mode defined for component null
2024-01-28 10:44:20,825 [WARN] ModelIntegratedComponent:63 - No mode defined for component null
2024-01-28 10:44:20,825 [WARN] ModelIntegratedComponent:63 - No mode defined for component null
2024-01-28 10:44:20,827 [WARN] ModelIntegratedComponent:63 - No mode defined for component null
2024-01-28 10:44:20,827 [WARN] ModelIntegratedComponent:63 - No mode defined for component null
2024-01-28 10:44:20,827 [WARN] ModelIntegratedComponent:63 - No mode defined for component null
2024-01-28 10:44:20,827 [WARN] ModelIntegratedComponent:63 - No mode defined for component null
2024-01-28 10:44:20,827 [WARN] ModelIntegratedComponent:63 - No mode defined for component null
2024-01-28 10:44:20,827 [WARN] ModelIntegratedComponent:63 - No mode defined for component null
2024-01-28 10:44:20,827 [WARN] ModelIntegratedComponent:63 - No mode defined for component null
2024-01-28 10:44:20,827 [WARN] ModelIntegratedComponent:63 - No mode defined for component null
2024-01-28 10:44:20,827 [WARN] ModelIntegratedComponent:63 - No mode defined for component null
2024-01-28 10:44:20,827 [WARN] ModelIntegratedComponent:63 - No mode defined for component null
2024-01-28 10:44:20,827 [WARN] ModelIntegratedComponent:63 - No mode defined for component null
2024-01-28 10:44:20,827 [WARN] ModelIntegratedComponent:63 - No mode defined for component null
2024-01-28 10:44:20,827 [WARN] ModelIntegratedComponent:63 - No mode defined for component null
2024-01-28 10:44:20,827 [WARN] ModelIntegratedComponent:63 - No mode defined for component null
2024-01-28 10:44:20,827 [WARN] ModelIntegratedComponent:63 - No mode defined for component null
2024-01-28 10:44:20,827 [WARN] ModelIntegratedComponent:63 - No mode defined for component null
2024-01-28 10:44:20,827 [WARN] ModelIntegratedComponent:63 - No mode defined for component null
2024-01-28 10:44:20,827 [WARN] ModelIntegratedComponent:63 - No mode defined for component null
2024-01-28 10:44:20,827 [WARN] ModelIntegratedComponent:63 - No mode defined for component null
2024-01-28 10:44:20,827 [WARN] ModelIntegratedComponent:63 - No mode defined for component null
2024-01-28 10:44:20,827 [WARN] ModelIntegratedComponent:63 - No mode defined for component null
2024-01-28 10:44:20,827 [WARN] ModelIntegratedComponent:63 - No mode defined for component null
2024-01-28 10:44:20,827 [WARN] ModelIntegratedComponent:63 - No mode defined for component null
2024-01-28 10:44:20,827 [WARN] ModelIntegratedComponent:63 - No mode defined for component null
2024-01-28 10:44:20,827 [WARN] ModelIntegratedComponent:63 - No mode defined for component null
2024-01-28 10:44:20,874 [INFO] ThirdPartyModel:298 - Start build external matchings
2024-01-28 10:44:21,112 [INFO] ThirdPartyModel:316 - End build external matchings
2024-01-28 10:44:21,355 [INFO] UtilMem:75 - End LoadConfig() Used Memory: 376180856 Bytes (748683264)
2024-01-28 10:44:21,370 [WARN] ThirdParty:833 - waiting for thirdparty lock release [change project]
2024-01-28 10:44:21,370 [INFO] ThirdParty:835 - entering critical section [change project]
2024-01-28 10:44:21,370 [INFO] ThirdParty:1030 - CMSIS Pack Vendor :STMicroelectronics X-CUBE-ISPU 1.1.0
2024-01-28 10:44:21,370 [INFO] ThirdParty:1030 - CMSIS Pack Vendor :STMicroelectronics X-CUBE-GNSS1 6.0.0
2024-01-28 10:44:21,370 [INFO] ThirdParty:1030 - CMSIS Pack Vendor :STMicroelectronics USB_HOST 2.0.0
2024-01-28 10:44:21,370 [INFO] ThirdParty:1030 - CMSIS Pack Vendor :STMicroelectronics X-CUBE-AZRTOS-F4 1.1.0
2024-01-28 10:44:21,370 [INFO] ThirdParty:1030 - CMSIS Pack Vendor :STMicroelectronics LIBJPEG 8.0.0
2024-01-28 10:44:21,370 [INFO] ThirdParty:1030 - CMSIS Pack Vendor :wolfSSL I-CUBE-wolfSSL 5.6.3
2024-01-28 10:44:21,370 [INFO] ThirdParty:1030 - CMSIS Pack Vendor :STMicroelectronics X-CUBE-SMBUS 2.1.0
2024-01-28 10:44:21,370 [INFO] ThirdParty:1030 - CMSIS Pack Vendor :STMicroelectronics USB_DEVICE 3.0.0
2024-01-28 10:44:21,370 [INFO] ThirdParty:1030 - CMSIS Pack Vendor :STMicroelectronics X-CUBE-AZRTOS-WB 2.0.0
2024-01-28 10:44:21,370 [INFO] ThirdParty:1030 - CMSIS Pack Vendor :STMicroelectronics X-CUBE-TOUCHGFX 4.23.0
2024-01-28 10:44:21,370 [INFO] ThirdParty:1030 - CMSIS Pack Vendor :STMicroelectronics X-CUBE-AZRTOS-F7 1.1.0
2024-01-28 10:44:21,370 [INFO] ThirdParty:1030 - CMSIS Pack Vendor :STMicroelectronics X-CUBE-AZRTOS-L5 2.0.0
2024-01-28 10:44:21,370 [INFO] ThirdParty:1030 - CMSIS Pack Vendor :STMicroelectronics USB_DEVICE 2.0.0
2024-01-28 10:44:21,370 [INFO] ThirdParty:1030 - CMSIS Pack Vendor :STMicroelectronics X-CUBE-EEPRMA1 4.2.0
2024-01-28 10:44:21,370 [INFO] ThirdParty:1030 - CMSIS Pack Vendor :ITTIA_DB I-CUBE-ITTIADB 8.8.0
2024-01-28 10:44:21,371 [INFO] ThirdParty:1030 - CMSIS Pack Vendor :STMicroelectronics FP-SNS-MOTENV1 4.3.2
2024-01-28 10:44:21,371 [INFO] ThirdParty:1030 - CMSIS Pack Vendor :STMicroelectronics X-CUBE-ALGOBUILD 1.3.0
2024-01-28 10:44:21,371 [INFO] ThirdParty:1030 - CMSIS Pack Vendor :STMicroelectronics FreeRTOS 0.0.1
2024-01-28 10:44:21,371 [INFO] ThirdParty:1030 - CMSIS Pack Vendor :STMicroelectronics X-CUBE-AZRTOS-G0 1.1.0
2024-01-28 10:44:21,371 [INFO] ThirdParty:1030 - CMSIS Pack Vendor :STMicroelectronics X-CUBE-BLEMGR 2.0.0
2024-01-28 10:44:21,371 [INFO] ThirdParty:1030 - CMSIS Pack Vendor :STMicroelectronics X-CUBE-NFC4 3.0.0
2024-01-28 10:44:21,371 [INFO] ThirdParty:1030 - CMSIS Pack Vendor :STMicroelectronics X-CUBE-SUBG2 5.0.0
2024-01-28 10:44:21,371 [INFO] ThirdParty:1030 - CMSIS Pack Vendor :STMicroelectronics STM32_WPAN 1.0.0
2024-01-28 10:44:21,371 [INFO] ThirdParty:1030 - CMSIS Pack Vendor :STMicroelectronics lwIP 2.0.3
2024-01-28 10:44:21,371 [INFO] ThirdParty:1030 - CMSIS Pack Vendor :STMicroelectronics FP-SNS-FLIGHT1 5.0.2
2024-01-28 10:44:21,371 [INFO] ThirdParty:1030 - CMSIS Pack Vendor :STMicroelectronics USB_HOST 1.0.0
2024-01-28 10:44:21,371 [INFO] ThirdParty:1030 - CMSIS Pack Vendor :STMicroelectronics X-CUBE-TOF1 3.3.1
2024-01-28 10:44:21,371 [INFO] ThirdParty:1030 - CMSIS Pack Vendor :STMicroelectronics X-CUBE-AZRTOS-G4 2.0.0
2024-01-28 10:44:21,371 [INFO] ThirdParty:1030 - CMSIS Pack Vendor :STMicroelectronics PDM2PCM 3.1.0
2024-01-28 10:44:21,371 [INFO] ThirdParty:1030 - CMSIS Pack Vendor :STMicroelectronics X-CUBE-AZRTOS-H7 3.1.0
2024-01-28 10:44:21,371 [INFO] ThirdParty:1030 - CMSIS Pack Vendor :Infineon AIROC-Wi-Fi-Bluetooth-STM32 1.5.1
2024-01-28 10:44:21,371 [INFO] ThirdParty:1030 - CMSIS Pack Vendor :STMicroelectronics X-CUBE-BLEMGR 3.0.0
2024-01-28 10:44:21,371 [INFO] ThirdParty:1030 - CMSIS Pack Vendor :STMicroelectronics PDM2PCM 3.3.0
2024-01-28 10:44:21,371 [INFO] ThirdParty:1030 - CMSIS Pack Vendor :STMicroelectronics X-CUBE-DISPLAY 3.0.0
2024-01-28 10:44:21,371 [INFO] ThirdParty:1030 - CMSIS Pack Vendor :STMicroelectronics FP-SNS-MOTENVWB1 1.3.1
2024-01-28 10:44:21,371 [INFO] ThirdParty:1030 - CMSIS Pack Vendor :STMicroelectronics X-CUBE-BLE1 7.0.0
2024-01-28 10:44:21,371 [INFO] ThirdParty:1030 - CMSIS Pack Vendor :STMicroelectronics FP-ATR-SIGFOX1 3.2.0
2024-01-28 10:44:21,371 [INFO] ThirdParty:1030 - CMSIS Pack Vendor :STMicroelectronics X-CUBE-ISPU 2.0.0
2024-01-28 10:44:21,371 [INFO] ThirdParty:1030 - CMSIS Pack Vendor :STMicroelectronics X-CUBE-EEPRMA1 5.1.0
2024-01-28 10:44:21,371 [INFO] ThirdParty:1030 - CMSIS Pack Vendor :STMicroelectronics HAL Drivers 0.0.0
2024-01-28 10:44:21,371 [INFO] ThirdParty:1030 - CMSIS Pack Vendor :STMicroelectronics MBEDTLS 2.16.2
2024-01-28 10:44:21,371 [INFO] ThirdParty:1030 - CMSIS Pack Vendor :emotas I-CUBE-CANOPEN 1.3.0
2024-01-28 10:44:21,371 [INFO] ThirdParty:1030 - CMSIS Pack Vendor :STMicroelectronics X-CUBE-MEMS1 10.0.0
2024-01-28 10:44:21,371 [INFO] ThirdParty:1030 - CMSIS Pack Vendor :STMicroelectronics X-CUBE-FREERTOS 1.1.0
2024-01-28 10:44:21,371 [INFO] ThirdParty:1030 - CMSIS Pack Vendor :STMicroelectronics X-CUBE-NFC7 1.0.1
2024-01-28 10:44:21,371 [INFO] ThirdParty:1030 - CMSIS Pack Vendor :STMicroelectronics MBEDTLS 2.14.1
2024-01-28 10:44:21,371 [INFO] ThirdParty:1030 - CMSIS Pack Vendor :STMicroelectronics X-CUBE-TOUCHGFX 4.22.1
2024-01-28 10:44:21,371 [INFO] ThirdParty:1030 - CMSIS Pack Vendor :STMicroelectronics X-CUBE-NFC6 3.0.0
2024-01-28 10:44:21,371 [INFO] ThirdParty:1030 - CMSIS Pack Vendor :portGmbH I-Cube-SoM-uGOAL 1.1.0
2024-01-28 10:44:21,371 [INFO] ThirdParty:1030 - CMSIS Pack Vendor :STMicroelectronics X-CUBE-ALS 1.0.1
2024-01-28 10:44:21,371 [INFO] ThirdParty:1030 - CMSIS Pack Vendor :STMicroelectronics ThreadX 1.0.0
2024-01-28 10:44:21,371 [INFO] ThirdParty:1030 - CMSIS Pack Vendor :STMicroelectronics FP-SNS-SMARTAG2 1.2.0
2024-01-28 10:44:21,371 [INFO] ThirdParty:1030 - CMSIS Pack Vendor :STMicroelectronics X-CUBE-AZRTOS-WL 2.0.0
2024-01-28 10:44:21,371 [INFO] ThirdParty:1030 - CMSIS Pack Vendor :SEGGER I-CUBE-embOS 1.3.1
2024-01-28 10:44:21,371 [INFO] ThirdParty:1030 - CMSIS Pack Vendor :STMicroelectronics USB_DEVICE 1.0.0
2024-01-28 10:44:21,371 [INFO] ThirdParty:1030 - CMSIS Pack Vendor :STMicroelectronics X-CUBE-AI 8.1.0
2024-01-28 10:44:21,371 [INFO] ThirdParty:1030 - CMSIS Pack Vendor :STMicroelectronics X-CUBE-AZRTOS-L4 2.0.0
2024-01-28 10:44:21,371 [INFO] ThirdParty:1030 - CMSIS Pack Vendor :STMicroelectronics ThreadX 0.0.2
2024-01-28 10:44:21,371 [INFO] ThirdParty:1030 - CMSIS Pack Vendor :WES I-CUBE-Cesium 1.3.0
2024-01-28 10:44:21,371 [INFO] ThirdParty:1030 - CMSIS Pack Vendor :STMicroelectronics FP-ATR-ASTRA1 2.0.0
2024-01-28 10:44:21,371 [INFO] ThirdParty:1030 - CMSIS Pack Vendor :STMicroelectronics lwIP 2.1.2
2024-01-28 10:44:21,371 [INFO] ThirdParty:1030 - CMSIS Pack Vendor :STMicroelectronics X-CUBE-SFXS2LP1 4.0.0
2024-01-28 10:44:21,372 [INFO] ThirdParty:1030 - CMSIS Pack Vendor :STMicroelectronics X-CUBE-BLE2 3.3.0
2024-01-28 10:44:21,372 [INFO] ThirdParty:1030 - CMSIS Pack Vendor :STMicroelectronics X-CUBE-TOF1 3.4.0
2024-01-28 10:44:21,372 [INFO] ThirdParty:1030 - CMSIS Pack Vendor :STMicroelectronics X-CUBE-AZRTOS-H7 3.2.0
2024-01-28 10:44:21,372 [INFO] ThirdParty:1030 - CMSIS Pack Vendor :STMicroelectronics PDM2PCM 3.2.0
2024-01-28 10:44:21,372 [INFO] ThirdParty:841 - exiting critical section [change project]
2024-01-28 10:44:21,528 [INFO] PinOutPanel:1499 - setPackage(No Configuration,No Configuration)
2024-01-28 10:44:21,528 [INFO] PinOutPanel:1499 - setPackage(STM32L476RGTx,LQFP64)
2024-01-28 10:44:21,798 [INFO] UtilMem:75 - Before build in PCC Used Memory: 438317872 Bytes (748683264)
2024-01-28 10:44:21,934 [INFO] UtilMem:75 - After build in PCC Used Memory: 517483312 Bytes (748683264)
2024-01-28 10:44:21,948 [INFO] IPUIPlugin:80 - create IPUIPlugin
2024-01-28 10:44:21,948 [INFO] IPUIPlugin:80 - create IPUIPlugin
2024-01-28 10:44:21,948 [INFO] IPUIPlugin:80 - create IPUIPlugin
2024-01-28 10:44:21,948 [INFO] IPUIPlugin:80 - create IPUIPlugin
2024-01-28 10:44:21,948 [INFO] IPUIPlugin:80 - create IPUIPlugin
2024-01-28 10:44:21,948 [INFO] IPUIPlugin:80 - create IPUIPlugin
2024-01-28 10:44:21,948 [INFO] IPUIPlugin:80 - create IPUIPlugin
2024-01-28 10:44:21,948 [INFO] IPUIPlugin:80 - create IPUIPlugin
2024-01-28 10:44:21,949 [INFO] IPUIPlugin:80 - create IPUIPlugin
2024-01-28 10:44:21,949 [INFO] IPUIPlugin:80 - create IPUIPlugin
2024-01-28 10:44:21,949 [INFO] IPUIPlugin:80 - create IPUIPlugin
2024-01-28 10:44:21,949 [INFO] IPUIPlugin:80 - create IPUIPlugin
2024-01-28 10:44:21,949 [INFO] IPUIPlugin:80 - create IPUIPlugin
2024-01-28 10:44:21,949 [INFO] IPUIPlugin:80 - create IPUIPlugin
2024-01-28 10:44:21,949 [INFO] IPUIPlugin:80 - create IPUIPlugin
2024-01-28 10:44:21,949 [INFO] IPUIPlugin:80 - create IPUIPlugin
2024-01-28 10:44:21,949 [INFO] IPUIPlugin:80 - create IPUIPlugin
2024-01-28 10:44:21,949 [INFO] IPUIPlugin:80 - create IPUIPlugin
2024-01-28 10:44:21,949 [INFO] IPUIPlugin:80 - create IPUIPlugin
2024-01-28 10:44:21,949 [INFO] IPUIPlugin:80 - create IPUIPlugin
2024-01-28 10:44:21,949 [INFO] IPUIPlugin:80 - create IPUIPlugin
2024-01-28 10:44:21,949 [INFO] IPUIPlugin:80 - create IPUIPlugin
2024-01-28 10:44:21,949 [INFO] IPUIPlugin:80 - create IPUIPlugin
2024-01-28 10:44:21,950 [INFO] IPUIPlugin:80 - create IPUIPlugin
2024-01-28 10:44:21,950 [INFO] IPUIPlugin:80 - create IPUIPlugin
2024-01-28 10:44:21,950 [INFO] IPUIPlugin:80 - create IPUIPlugin
2024-01-28 10:44:21,950 [INFO] IPUIPlugin:80 - create IPUIPlugin
2024-01-28 10:44:21,950 [INFO] IPUIPlugin:80 - create IPUIPlugin
2024-01-28 10:44:21,950 [INFO] IPUIPlugin:80 - create IPUIPlugin
2024-01-28 10:44:21,950 [INFO] IPUIPlugin:80 - create IPUIPlugin
2024-01-28 10:44:21,950 [INFO] IPUIPlugin:80 - create IPUIPlugin
2024-01-28 10:44:21,951 [INFO] IPUIPlugin:80 - create IPUIPlugin
2024-01-28 10:44:21,951 [INFO] IPUIPlugin:80 - create IPUIPlugin
2024-01-28 10:44:21,951 [INFO] IPUIPlugin:80 - create IPUIPlugin
2024-01-28 10:44:21,951 [INFO] IPUIPlugin:80 - create IPUIPlugin
2024-01-28 10:44:21,951 [INFO] IPUIPlugin:80 - create IPUIPlugin
2024-01-28 10:44:21,951 [INFO] IPUIPlugin:80 - create IPUIPlugin
2024-01-28 10:44:21,951 [INFO] IPUIPlugin:80 - create IPUIPlugin
2024-01-28 10:44:21,951 [INFO] IPUIPlugin:80 - create IPUIPlugin
2024-01-28 10:44:21,951 [INFO] IPUIPlugin:80 - create IPUIPlugin
2024-01-28 10:44:21,952 [INFO] IPUIPlugin:80 - create IPUIPlugin
2024-01-28 10:44:21,952 [INFO] IPUIPlugin:80 - create IPUIPlugin
2024-01-28 10:44:21,952 [INFO] IPUIPlugin:80 - create IPUIPlugin
2024-01-28 10:44:21,952 [INFO] IPUIPlugin:80 - create IPUIPlugin
2024-01-28 10:44:21,952 [INFO] IPUIPlugin:80 - create IPUIPlugin
2024-01-28 10:44:21,952 [INFO] IPUIPlugin:80 - create IPUIPlugin
2024-01-28 10:44:21,952 [INFO] IPUIPlugin:80 - create IPUIPlugin
2024-01-28 10:44:21,952 [INFO] IPUIPlugin:80 - create IPUIPlugin
2024-01-28 10:44:21,953 [INFO] IPUIPlugin:80 - create IPUIPlugin
2024-01-28 10:44:21,953 [INFO] IPUIPlugin:80 - create IPUIPlugin
2024-01-28 10:44:21,953 [INFO] IPUIPlugin:80 - create IPUIPlugin
2024-01-28 10:44:21,953 [INFO] IPUIPlugin:80 - create IPUIPlugin
2024-01-28 10:44:21,953 [INFO] IPUIPlugin:80 - create IPUIPlugin
2024-01-28 10:44:21,953 [INFO] IPUIPlugin:80 - create IPUIPlugin
2024-01-28 10:44:21,953 [INFO] IPUIPlugin:80 - create IPUIPlugin
2024-01-28 10:44:21,954 [INFO] IPUIPlugin:80 - create IPUIPlugin
2024-01-28 10:44:21,954 [INFO] IPUIPlugin:80 - create IPUIPlugin
2024-01-28 10:44:21,954 [INFO] IPUIPlugin:80 - create IPUIPlugin
2024-01-28 10:44:21,955 [INFO] IPUIPlugin:80 - create IPUIPlugin
2024-01-28 10:44:21,966 [INFO] CADModel:165 - CPN selected for project levelSTM32L476RGT3
2024-01-28 10:44:21,966 [INFO] CADModel:114 - Register for checkConnection events
2024-01-28 10:44:22,011 [INFO] OpenFileManager:328 - Restore cursor
2024-01-28 10:44:22,267 [INFO] UtilMem:75 - End SaveConfig() Used Memory: 623842952 Bytes (748683264)
2024-01-28 10:44:22,315 [INFO] UtilMem:75 - End SaveConfig() Used Memory: 337766816 Bytes (748683264)
2024-01-28 10:44:22,453 [INFO] BlockDiagram:2759 - set Specific Code input for plugin: SYS
2024-01-28 10:44:22,453 [INFO] BlockDiagram:2759 - set Specific Code input for plugin: RCC
2024-01-28 10:44:22,453 [INFO] BlockDiagram:2759 - set Specific Code input for plugin: NVIC
2024-01-28 10:44:22,453 [INFO] BlockDiagram:2759 - set Specific Code input for plugin: GPIO
2024-01-28 10:44:22,454 [INFO] CodeGenerator:793 - code generatio: config db path: C:\Program Files\STM32CubeIDE_1.12.1\STM32CubeIDE\plugins\com.st.stm32cube.common.mx_6.8.1.202304191431\\db\
2024-01-28 10:44:22,627 [INFO] CodeEngine:255 - oldGeneratedFile, C:\Git_projects\Projects_GIT\STM32\Project_2_UART\MXTmpFiles\license.tmp_save
2024-01-28 10:44:22,690 [INFO] CodeEngine:279 - Generated code: C:\Git_projects\Projects_GIT\STM32\Project_2_UART\MXTmpFiles\license.tmp
2024-01-28 10:44:22,726 [INFO] CodeEngine:255 - oldGeneratedFile, C:\Git_projects\Projects_GIT\STM32\Project_2_UART\MXTmpFiles\gpio.tmp_save
2024-01-28 10:44:22,795 [INFO] CodeEngine:279 - Generated code: C:\Git_projects\Projects_GIT\STM32\Project_2_UART\MXTmpFiles\gpio.tmp
2024-01-28 10:44:22,817 [INFO] CodeEngine:255 - oldGeneratedFile, C:\Git_projects\Projects_GIT\STM32\Project_2_UART\Core\Src\stm32l4xx_it.c_save
2024-01-28 10:44:22,927 [INFO] CodeEngine:279 - Generated code: C:\Git_projects\Projects_GIT\STM32\Project_2_UART\Core\Src\stm32l4xx_it.c
2024-01-28 10:44:22,932 [INFO] CodeEngine:255 - oldGeneratedFile, C:\Git_projects\Projects_GIT\STM32\Project_2_UART\Core\Inc\stm32l4xx_it.h_save
2024-01-28 10:44:22,980 [INFO] CodeEngine:279 - Generated code: C:\Git_projects\Projects_GIT\STM32\Project_2_UART\Core\Inc\stm32l4xx_it.h
2024-01-28 10:44:22,989 [INFO] CodeEngine:255 - oldGeneratedFile, C:\Git_projects\Projects_GIT\STM32\Project_2_UART\Core\Src\stm32l4xx_hal_msp.c_save
2024-01-28 10:44:23,057 [INFO] CodeEngine:279 - Generated code: C:\Git_projects\Projects_GIT\STM32\Project_2_UART\Core\Src\stm32l4xx_hal_msp.c
2024-01-28 10:44:23,063 [INFO] CodeEngine:255 - oldGeneratedFile, C:\Git_projects\Projects_GIT\STM32\Project_2_UART\MXTmpFiles\system.tmp_save
2024-01-28 10:44:23,106 [INFO] CodeEngine:279 - Generated code: C:\Git_projects\Projects_GIT\STM32\Project_2_UART\MXTmpFiles\system.tmp
2024-01-28 10:44:23,114 [INFO] CodeEngine:311 - oldGeneratedFile, C:\Git_projects\Projects_GIT\STM32\Project_2_UART\Core\Inc\stm32l4xx_hal_conf.h_save
2024-01-28 10:44:23,215 [INFO] CodeEngine:335 - Generated code: C:\Git_projects\Projects_GIT\STM32\Project_2_UART\Core\Inc\stm32l4xx_hal_conf.h
2024-01-28 10:44:23,239 [INFO] CodeEngine:255 - oldGeneratedFile, C:\Git_projects\Projects_GIT\STM32\Project_2_UART\Core\Inc\main.h_save
2024-01-28 10:44:23,310 [INFO] CodeEngine:279 - Generated code: C:\Git_projects\Projects_GIT\STM32\Project_2_UART\Core\Inc\main.h
2024-01-28 10:44:23,316 [INFO] CodeEngine:255 - oldGeneratedFile, C:\Git_projects\Projects_GIT\STM32\Project_2_UART\Core\Src\main.c_save
2024-01-28 10:44:23,400 [INFO] CodeEngine:279 - Generated code: C:\Git_projects\Projects_GIT\STM32\Project_2_UART\Core\Src\main.c
2024-01-28 10:44:23,771 [INFO] ProjectBuilder:2996 - Time for Copy HAL[1] : 92mS.
2024-01-28 10:44:23,773 [INFO] ProjectBuilder:4304 - Project Generator version: 3.19.2
2024-01-28 10:44:23,912 [INFO] ConfigFileManager:1483 - The Die is : DIE415
2024-01-28 10:44:23,921 [INFO] ApiDbMcu:507 - Load IP Config File for FATFS
2024-01-28 10:44:23,927 [INFO] ApiDbMcu:507 - Load IP Config File for FREERTOS
2024-01-28 10:44:23,973 [INFO] ApiDbMcu:507 - Load IP Config File for TOUCHSENSING
2024-01-28 10:44:23,982 [INFO] ApiDbMcu:507 - Load IP Config File for USB_DEVICE
2024-01-28 10:44:23,988 [INFO] ApiDbMcu:507 - Load IP Config File for USB_HOST
2024-01-28 10:44:25,994 [INFO] ProjectBuilder:4505 - Time for Generating toolchain IDE Files: 2221mS.
2024-01-28 10:44:25,994 [INFO] ProjectBuilder:2867 - Time for Copy CMSIS : 0mS.
2024-01-28 10:44:25,996 [INFO] ProjectBuilder:2867 - Time for Copy CMSIS : 0mS.
2024-01-28 10:44:26,346 [INFO] McuFinderGlobals:66 - Set McuFinderConnectedMode to true
2024-01-28 10:44:26,440 [INFO] ApiDb:448 - Save user favorites file C:\Users\Dominik/.stm32cubeide/favorites.mcus.txt: 0 item(s)
2024-01-28 10:44:26,441 [INFO] ApiDb:452 - User favorites MCUs=[]
